2025-03-29 17:05:36,976 [Worker-4: Loading available Gradle versions] INFO  o.e.b.c.i.u.g.PublishedGradleVersions - Gradle version information cache is not available. Remote download required.
2025-03-29 17:09:47,340 [Worker-13: Enabling Maven Dependency Management] INFO  o.e.m.c.i.l.LifecycleMappingFactory - Using org.eclipse.m2e.jdt.JarLifecycleMapping lifecycle mapping for MavenProject: WebScraperProject:WebScraperProject:0.0.1-SNAPSHOT @ C:\Projects\browserstackAssignment\WebScraperProject\pom.xml.
2025-03-29 17:09:49,091 [Worker-26: Building] WARN  o.a.m.s.f.DefaultMavenResourcesFiltering - Using platform encoding (UTF-8 actually) to copy filtered resources, i.e. build is platform dependent!
2025-03-29 17:09:49,093 [Worker-26: Building] INFO  o.a.m.s.f.DefaultMavenResourcesFiltering - skip non existing resourceDirectory C:\Projects\browserstackAssignment\WebScraperProject\src\main\resources
2025-03-29 17:09:49,101 [Worker-26: Building] WARN  o.a.m.s.f.DefaultMavenResourcesFiltering - Using platform encoding (UTF-8 actually) to copy filtered resources, i.e. build is platform dependent!
2025-03-29 17:09:49,102 [Worker-26: Building] INFO  o.a.m.s.f.DefaultMavenResourcesFiltering - skip non existing resourceDirectory C:\Projects\browserstackAssignment\WebScraperProject\src\test\resources
2025-03-29 17:09:49,911 [Worker-13: Enabling Maven Dependency Management] INFO  o.e.m.j.i.AbstractJavaProjectConfigurator - Adding source folder /WebScraperProject/src
2025-03-29 17:09:49,914 [Worker-13: Enabling Maven Dependency Management] INFO  o.e.m.j.i.AbstractJavaProjectConfigurator - Resources folder /WebScraperProject/src/main/resources overlaps with sources folder /WebScraperProject/src
2025-03-29 17:09:49,916 [Worker-13: Enabling Maven Dependency Management] INFO  o.e.m.j.i.AbstractJavaProjectConfigurator - Not adding source folder /WebScraperProject/src/test/java because it overlaps with /WebScraperProject/src
2025-03-29 17:09:49,919 [Worker-13: Enabling Maven Dependency Management] INFO  o.e.m.j.i.AbstractJavaProjectConfigurator - Resources folder /WebScraperProject/src/test/resources overlaps with sources folder /WebScraperProject/src
2025-03-29 17:09:50,209 [Worker-13: Enabling Maven Dependency Management] INFO  o.e.m.c.i.p.ProjectConfigurationManager - Update started
2025-03-29 17:09:50,554 [Worker-13: Enabling Maven Dependency Management] INFO  o.e.m.c.i.l.LifecycleMappingFactory - Using org.eclipse.m2e.jdt.JarLifecycleMapping lifecycle mapping for MavenProject: WebScraperProject:WebScraperProject:0.0.1-SNAPSHOT @ C:\Projects\browserstackAssignment\WebScraperProject\pom.xml.
2025-03-29 17:09:50,799 [Worker-13: Enabling Maven Dependency Management] INFO  o.e.m.j.i.AbstractJavaProjectConfigurator - Adding source folder /WebScraperProject/src
2025-03-29 17:09:50,801 [Worker-13: Enabling Maven Dependency Management] INFO  o.e.m.j.i.AbstractJavaProjectConfigurator - Resources folder /WebScraperProject/src/main/resources overlaps with sources folder /WebScraperProject/src
2025-03-29 17:09:50,802 [Worker-13: Enabling Maven Dependency Management] INFO  o.e.m.j.i.AbstractJavaProjectConfigurator - Not adding source folder /WebScraperProject/src/test/java because it overlaps with /WebScraperProject/src
2025-03-29 17:09:50,803 [Worker-13: Enabling Maven Dependency Management] INFO  o.e.m.j.i.AbstractJavaProjectConfigurator - Resources folder /WebScraperProject/src/test/resources overlaps with sources folder /WebScraperProject/src
2025-03-29 17:09:50,978 [Worker-13: Enabling Maven Dependency Management] INFO  o.e.m.c.i.p.ProjectConfigurationManager - Update completed for 1 poms: local refresh takes 0.00 sec, refresh facades takes 0.00 sec, update config takes 0.00 sec 
2025-03-29 17:09:51,159 [Worker-23: Building] WARN  o.a.m.s.f.DefaultMavenResourcesFiltering - Using platform encoding (UTF-8 actually) to copy filtered resources, i.e. build is platform dependent!
2025-03-29 17:09:51,161 [Worker-23: Building] INFO  o.a.m.s.f.DefaultMavenResourcesFiltering - skip non existing resourceDirectory C:\Projects\browserstackAssignment\WebScraperProject\src\main\resources
2025-03-29 17:09:51,166 [Worker-23: Building] WARN  o.a.m.s.f.DefaultMavenResourcesFiltering - Using platform encoding (UTF-8 actually) to copy filtered resources, i.e. build is platform dependent!
2025-03-29 17:09:51,167 [Worker-23: Building] INFO  o.a.m.s.f.DefaultMavenResourcesFiltering - skip non existing resourceDirectory C:\Projects\browserstackAssignment\WebScraperProject\src\test\resources
2025-03-29 17:12:14,559 [Worker-25: Building] WARN  o.a.m.s.f.DefaultMavenResourcesFiltering - Using platform encoding (UTF-8 actually) to copy filtered resources, i.e. build is platform dependent!
2025-03-29 17:12:14,561 [Worker-25: Building] INFO  o.a.m.s.f.DefaultMavenResourcesFiltering - skip non existing resourceDirectory C:\Projects\browserstackAssignment\WebScraperProject\src\main\resources
2025-03-29 17:12:14,565 [Worker-25: Building] WARN  o.a.m.s.f.DefaultMavenResourcesFiltering - Using platform encoding (UTF-8 actually) to copy filtered resources, i.e. build is platform dependent!
2025-03-29 17:12:14,566 [Worker-25: Building] INFO  o.a.m.s.f.DefaultMavenResourcesFiltering - skip non existing resourceDirectory C:\Projects\browserstackAssignment\WebScraperProject\src\test\resources
2025-03-29 17:13:05,202 [Worker-2: Building] INFO  o.e.m.c.i.e.AbstractTransferListenerAdapter - Downloading https://repo.maven.apache.org/maven2/org/apache/httpcomponents/client5/httpclient5/5.2/httpclient5-5.2.pom
2025-03-29 17:13:05,218 [Worker-2: Building] INFO  o.e.m.c.i.e.AbstractTransferListenerAdapter - Downloaded https://repo.maven.apache.org/maven2/org/apache/httpcomponents/client5/httpclient5/5.2/httpclient5-5.2.pom
2025-03-29 17:13:05,236 [Worker-2: Building] INFO  o.e.m.c.i.e.AbstractTransferListenerAdapter - Downloading https://repo.maven.apache.org/maven2/org/apache/httpcomponents/client5/httpclient5-parent/5.2/httpclient5-parent-5.2.pom
2025-03-29 17:13:05,253 [Worker-2: Building] INFO  o.e.m.c.i.e.AbstractTransferListenerAdapter - Downloaded https://repo.maven.apache.org/maven2/org/apache/httpcomponents/client5/httpclient5-parent/5.2/httpclient5-parent-5.2.pom
2025-03-29 17:13:05,504 [Worker-2: Building] INFO  o.e.m.c.i.e.AbstractTransferListenerAdapter - Downloading https://repo.maven.apache.org/maven2/org/apache/httpcomponents/client5/httpclient5/5.2/httpclient5-5.2.jar
2025-03-29 17:13:05,774 [Worker-2: Building] INFO  o.e.m.c.i.e.AbstractTransferListenerAdapter - Downloaded https://repo.maven.apache.org/maven2/org/apache/httpcomponents/client5/httpclient5/5.2/httpclient5-5.2.jar
2025-03-29 17:13:06,929 [Worker-2: Building] INFO  o.e.m.c.i.l.LifecycleMappingFactory - Using org.eclipse.m2e.jdt.JarLifecycleMapping lifecycle mapping for MavenProject: com.scraper:WebScraperProject:1.0-SNAPSHOT @ C:\Projects\browserstackAssignment\WebScraperProject\pom.xml.
2025-03-29 17:13:08,518 [Worker-2: Building] WARN  o.a.m.s.f.DefaultMavenResourcesFiltering - Using platform encoding (UTF-8 actually) to copy filtered resources, i.e. build is platform dependent!
2025-03-29 17:13:08,519 [Worker-2: Building] INFO  o.a.m.s.f.DefaultMavenResourcesFiltering - skip non existing resourceDirectory C:\Projects\browserstackAssignment\WebScraperProject\src\main\resources
2025-03-29 17:13:08,525 [Worker-2: Building] WARN  o.a.m.s.f.DefaultMavenResourcesFiltering - Using platform encoding (UTF-8 actually) to copy filtered resources, i.e. build is platform dependent!
2025-03-29 17:13:08,527 [Worker-2: Building] INFO  o.a.m.s.f.DefaultMavenResourcesFiltering - skip non existing resourceDirectory C:\Projects\browserstackAssignment\WebScraperProject\src\test\resources
2025-03-29 17:13:08,976 [Worker-24: Updating Maven Project] INFO  o.e.m.c.i.p.ProjectConfigurationManager - Update started
2025-03-29 17:13:09,393 [Worker-27: Download sources and javadoc] INFO  o.e.m.c.i.e.AbstractTransferListenerAdapter - Downloading https://repo.maven.apache.org/maven2/org/apache/httpcomponents/client5/httpclient5/5.2/httpclient5-5.2-sources.jar
2025-03-29 17:13:09,451 [Worker-24: Updating Maven Project] INFO  o.e.m.c.i.l.LifecycleMappingFactory - Using org.eclipse.m2e.jdt.JarLifecycleMapping lifecycle mapping for MavenProject: com.scraper:WebScraperProject:1.0-SNAPSHOT @ C:\Projects\browserstackAssignment\WebScraperProject\pom.xml.
2025-03-29 17:13:09,574 [Worker-27: Download sources and javadoc] INFO  o.e.m.c.i.e.AbstractTransferListenerAdapter - Downloaded https://repo.maven.apache.org/maven2/org/apache/httpcomponents/client5/httpclient5/5.2/httpclient5-5.2-sources.jar
2025-03-29 17:13:09,580 [Worker-27: Download sources and javadoc] INFO  o.e.m.j.internal.DownloadSourcesJob - Downloaded sources for org.apache.httpcomponents.client5:httpclient5:5.2
2025-03-29 17:13:10,400 [Worker-24: Updating Maven Project] INFO  o.e.m.j.i.AbstractJavaProjectConfigurator - Not adding source folder /WebScraperProject/src/main/java because it overlaps with /WebScraperProject/src
2025-03-29 17:13:10,403 [Worker-24: Updating Maven Project] INFO  o.e.m.j.i.AbstractJavaProjectConfigurator - Adding resource folder /WebScraperProject/src/main/resources
2025-03-29 17:13:10,404 [Worker-24: Updating Maven Project] INFO  o.e.m.j.i.AbstractJavaProjectConfigurator - Not adding source folder /WebScraperProject/src/test/java because it overlaps with /WebScraperProject/src
2025-03-29 17:13:10,405 [Worker-24: Updating Maven Project] INFO  o.e.m.j.i.AbstractJavaProjectConfigurator - Adding resource folder /WebScraperProject/src/test/resources
2025-03-29 17:13:10,768 [Worker-24: Updating Maven Project] INFO  o.e.m.c.i.p.ProjectConfigurationManager - Update completed for 1 poms: local refresh takes 0.00 sec, refresh facades takes 1.00 sec, update config takes 0.00 sec 
2025-03-29 17:13:11,117 [Worker-25: Building] WARN  o.a.m.s.f.DefaultMavenResourcesFiltering - Using platform encoding (UTF-8 actually) to copy filtered resources, i.e. build is platform dependent!
2025-03-29 17:13:11,119 [Worker-25: Building] INFO  o.a.m.s.f.DefaultMavenResourcesFiltering - skip non existing resourceDirectory C:\Projects\browserstackAssignment\WebScraperProject\src\main\resources
2025-03-29 17:13:11,124 [Worker-25: Building] WARN  o.a.m.s.f.DefaultMavenResourcesFiltering - Using platform encoding (UTF-8 actually) to copy filtered resources, i.e. build is platform dependent!
2025-03-29 17:13:11,125 [Worker-25: Building] INFO  o.a.m.s.f.DefaultMavenResourcesFiltering - skip non existing resourceDirectory C:\Projects\browserstackAssignment\WebScraperProject\src\test\resources
2025-03-29 17:13:19,255 [Worker-27: Building] WARN  o.a.m.s.f.DefaultMavenResourcesFiltering - Using platform encoding (UTF-8 actually) to copy filtered resources, i.e. build is platform dependent!
2025-03-29 17:13:19,256 [Worker-27: Building] INFO  o.a.m.s.f.DefaultMavenResourcesFiltering - skip non existing resourceDirectory C:\Projects\browserstackAssignment\WebScraperProject\src\main\resources
2025-03-29 17:13:19,259 [Worker-27: Building] WARN  o.a.m.s.f.DefaultMavenResourcesFiltering - Using platform encoding (UTF-8 actually) to copy filtered resources, i.e. build is platform dependent!
2025-03-29 17:13:19,260 [Worker-27: Building] INFO  o.a.m.s.f.DefaultMavenResourcesFiltering - skip non existing resourceDirectory C:\Projects\browserstackAssignment\WebScraperProject\src\test\resources
2025-03-29 17:13:31,358 [Worker-27: Updating Maven Project] INFO  o.e.m.c.i.p.ProjectConfigurationManager - Update started
2025-03-29 17:13:31,753 [Worker-27: Updating Maven Project] INFO  o.e.m.c.i.l.LifecycleMappingFactory - Using org.eclipse.m2e.jdt.JarLifecycleMapping lifecycle mapping for MavenProject: com.scraper:WebScraperProject:1.0-SNAPSHOT @ C:\Projects\browserstackAssignment\WebScraperProject\pom.xml.
2025-03-29 17:13:32,383 [Worker-27: Updating Maven Project] INFO  o.e.m.j.i.AbstractJavaProjectConfigurator - Adding source folder /WebScraperProject/src/main/java
2025-03-29 17:13:32,384 [Worker-27: Updating Maven Project] INFO  o.e.m.j.i.AbstractJavaProjectConfigurator - Adding resource folder /WebScraperProject/src/main/resources
2025-03-29 17:13:32,385 [Worker-27: Updating Maven Project] INFO  o.e.m.j.i.AbstractJavaProjectConfigurator - Adding source folder /WebScraperProject/src/test/java
2025-03-29 17:13:32,386 [Worker-27: Updating Maven Project] INFO  o.e.m.j.i.AbstractJavaProjectConfigurator - Adding resource folder /WebScraperProject/src/test/resources
2025-03-29 17:13:32,653 [Worker-27: Updating Maven Project] INFO  o.e.m.c.i.p.ProjectConfigurationManager - Update completed for 1 poms: local refresh takes 0.00 sec, refresh facades takes 0.00 sec, update config takes 0.00 sec 
2025-03-29 17:13:32,791 [Worker-27: Building] WARN  o.a.m.s.f.DefaultMavenResourcesFiltering - Using platform encoding (UTF-8 actually) to copy filtered resources, i.e. build is platform dependent!
2025-03-29 17:13:32,793 [Worker-27: Building] INFO  o.a.m.s.f.DefaultMavenResourcesFiltering - skip non existing resourceDirectory C:\Projects\browserstackAssignment\WebScraperProject\src\main\resources
2025-03-29 17:13:32,797 [Worker-27: Building] WARN  o.a.m.s.f.DefaultMavenResourcesFiltering - Using platform encoding (UTF-8 actually) to copy filtered resources, i.e. build is platform dependent!
2025-03-29 17:13:32,798 [Worker-27: Building] INFO  o.a.m.s.f.DefaultMavenResourcesFiltering - skip non existing resourceDirectory C:\Projects\browserstackAssignment\WebScraperProject\src\test\resources
2025-03-29 17:17:16,989 [Worker-13: Building] WARN  o.a.m.s.f.DefaultMavenResourcesFiltering - Using platform encoding (UTF-8 actually) to copy filtered resources, i.e. build is platform dependent!
2025-03-29 17:17:16,993 [Worker-13: Building] INFO  o.a.m.s.f.DefaultMavenResourcesFiltering - Copying 0 resource from src\main\resources to target\classes
2025-03-29 17:17:16,996 [Worker-13: Building] WARN  o.a.m.s.f.DefaultMavenResourcesFiltering - Using platform encoding (UTF-8 actually) to copy filtered resources, i.e. build is platform dependent!
2025-03-29 17:17:16,998 [Worker-13: Building] INFO  o.a.m.s.f.DefaultMavenResourcesFiltering - Copying 0 resource from src\test\resources to target\test-classes
2025-03-29 17:20:12,130 [Worker-28: Building] WARN  o.a.m.s.f.DefaultMavenResourcesFiltering - Using platform encoding (UTF-8 actually) to copy filtered resources, i.e. build is platform dependent!
2025-03-29 17:20:12,191 [Worker-28: Building] INFO  o.a.m.s.f.DefaultMavenResourcesFiltering - Copying 0 resource from src\main\resources to target\classes
2025-03-29 17:20:12,194 [Worker-28: Building] WARN  o.a.m.s.f.DefaultMavenResourcesFiltering - Using platform encoding (UTF-8 actually) to copy filtered resources, i.e. build is platform dependent!
2025-03-29 17:20:12,196 [Worker-28: Building] INFO  o.a.m.s.f.DefaultMavenResourcesFiltering - Copying 0 resource from src\test\resources to target\test-classes
2025-03-29 17:27:07,232 [Worker-28: Updating Maven Project] INFO  o.e.m.c.i.p.ProjectConfigurationManager - Update started
2025-03-29 17:27:07,914 [Worker-28: Updating Maven Project] INFO  o.e.m.c.i.l.LifecycleMappingFactory - Using org.eclipse.m2e.jdt.JarLifecycleMapping lifecycle mapping for MavenProject: com.scraper:WebScraperProject:1.0-SNAPSHOT @ C:\Projects\browserstackAssignment\WebScraperProject\pom.xml.
2025-03-29 17:27:08,847 [Worker-28: Updating Maven Project] INFO  o.e.m.j.i.AbstractJavaProjectConfigurator - Adding source folder /WebScraperProject/src/main/java
2025-03-29 17:27:08,849 [Worker-28: Updating Maven Project] INFO  o.e.m.j.i.AbstractJavaProjectConfigurator - Adding resource folder /WebScraperProject/src/main/resources
2025-03-29 17:27:08,849 [Worker-28: Updating Maven Project] INFO  o.e.m.j.i.AbstractJavaProjectConfigurator - Adding source folder /WebScraperProject/src/test/java
2025-03-29 17:27:08,850 [Worker-28: Updating Maven Project] INFO  o.e.m.j.i.AbstractJavaProjectConfigurator - Adding resource folder /WebScraperProject/src/test/resources
2025-03-29 17:27:09,234 [Worker-28: Updating Maven Project] INFO  o.e.m.c.i.p.ProjectConfigurationManager - Update completed for 1 poms: local refresh takes 0.00 sec, refresh facades takes 1.00 sec, update config takes 0.00 sec 
2025-03-29 17:38:24,954 [Worker-32: Updating Maven Project] INFO  o.e.m.c.i.p.ProjectConfigurationManager - Update started
2025-03-29 17:38:25,381 [Worker-32: Updating Maven Project] INFO  o.e.m.c.i.l.LifecycleMappingFactory - Using org.eclipse.m2e.jdt.JarLifecycleMapping lifecycle mapping for MavenProject: com.scraper:WebScraperProject:1.0-SNAPSHOT @ C:\Projects\browserstackAssignment\WebScraperProject\pom.xml.
2025-03-29 17:38:25,881 [Worker-32: Updating Maven Project] INFO  o.e.m.c.i.e.AbstractTransferListenerAdapter - Downloading https://repo.maven.apache.org/maven2/com/fasterxml/jackson/core/jackson-databind/2.15.2/jackson-databind-2.15.2.pom
2025-03-29 17:38:25,905 [Worker-32: Updating Maven Project] INFO  o.e.m.c.i.e.AbstractTransferListenerAdapter - Downloaded https://repo.maven.apache.org/maven2/com/fasterxml/jackson/core/jackson-databind/2.15.2/jackson-databind-2.15.2.pom
2025-03-29 17:38:25,931 [Worker-32: Updating Maven Project] INFO  o.e.m.c.i.e.AbstractTransferListenerAdapter - Downloading https://repo.maven.apache.org/maven2/com/fasterxml/jackson/jackson-base/2.15.2/jackson-base-2.15.2.pom
2025-03-29 17:38:25,945 [Worker-32: Updating Maven Project] INFO  o.e.m.c.i.e.AbstractTransferListenerAdapter - Downloaded https://repo.maven.apache.org/maven2/com/fasterxml/jackson/jackson-base/2.15.2/jackson-base-2.15.2.pom
2025-03-29 17:38:25,986 [Worker-32: Updating Maven Project] INFO  o.e.m.c.i.e.AbstractTransferListenerAdapter - Downloading https://repo.maven.apache.org/maven2/com/fasterxml/jackson/jackson-bom/2.15.2/jackson-bom-2.15.2.pom
2025-03-29 17:38:26,001 [Worker-32: Updating Maven Project] INFO  o.e.m.c.i.e.AbstractTransferListenerAdapter - Downloaded https://repo.maven.apache.org/maven2/com/fasterxml/jackson/jackson-bom/2.15.2/jackson-bom-2.15.2.pom
2025-03-29 17:38:26,027 [Worker-32: Updating Maven Project] INFO  o.e.m.c.i.e.AbstractTransferListenerAdapter - Downloading https://repo.maven.apache.org/maven2/com/fasterxml/jackson/jackson-parent/2.15/jackson-parent-2.15.pom
2025-03-29 17:38:26,036 [Worker-32: Updating Maven Project] INFO  o.e.m.c.i.e.AbstractTransferListenerAdapter - Downloaded https://repo.maven.apache.org/maven2/com/fasterxml/jackson/jackson-parent/2.15/jackson-parent-2.15.pom
2025-03-29 17:38:26,055 [Worker-32: Updating Maven Project] INFO  o.e.m.c.i.e.AbstractTransferListenerAdapter - Downloading https://repo.maven.apache.org/maven2/com/fasterxml/oss-parent/50/oss-parent-50.pom
2025-03-29 17:38:26,074 [Worker-32: Updating Maven Project] INFO  o.e.m.c.i.e.AbstractTransferListenerAdapter - Downloaded https://repo.maven.apache.org/maven2/com/fasterxml/oss-parent/50/oss-parent-50.pom
2025-03-29 17:38:26,109 [Worker-32: Updating Maven Project] INFO  o.e.m.c.i.e.AbstractTransferListenerAdapter - Downloading https://repo.maven.apache.org/maven2/com/fasterxml/jackson/core/jackson-annotations/2.15.2/jackson-annotations-2.15.2.pom
2025-03-29 17:38:26,116 [Worker-32: Updating Maven Project] INFO  o.e.m.c.i.e.AbstractTransferListenerAdapter - Downloaded https://repo.maven.apache.org/maven2/com/fasterxml/jackson/core/jackson-annotations/2.15.2/jackson-annotations-2.15.2.pom
2025-03-29 17:38:26,135 [Worker-32: Updating Maven Project] INFO  o.e.m.c.i.e.AbstractTransferListenerAdapter - Downloading https://repo.maven.apache.org/maven2/com/fasterxml/jackson/core/jackson-core/2.15.2/jackson-core-2.15.2.pom
2025-03-29 17:38:26,147 [Worker-32: Updating Maven Project] INFO  o.e.m.c.i.e.AbstractTransferListenerAdapter - Downloaded https://repo.maven.apache.org/maven2/com/fasterxml/jackson/core/jackson-core/2.15.2/jackson-core-2.15.2.pom
2025-03-29 17:38:26,310 [Worker-32: Updating Maven Project] INFO  o.e.m.c.i.e.AbstractTransferListenerAdapter - Downloading https://repo.maven.apache.org/maven2/com/fasterxml/jackson/core/jackson-databind/2.15.2/jackson-databind-2.15.2.jar
2025-03-29 17:38:27,235 [Worker-32: Updating Maven Project] INFO  o.e.m.c.i.e.AbstractTransferListenerAdapter - Downloaded https://repo.maven.apache.org/maven2/com/fasterxml/jackson/core/jackson-databind/2.15.2/jackson-databind-2.15.2.jar
2025-03-29 17:38:27,248 [BasicRepositoryConnector-repo.maven.apache.org-0-0] INFO  o.e.m.c.i.e.AbstractTransferListenerAdapter - Downloading https://repo.maven.apache.org/maven2/com/fasterxml/jackson/core/jackson-annotations/2.15.2/jackson-annotations-2.15.2.jar
2025-03-29 17:38:27,268 [BasicRepositoryConnector-repo.maven.apache.org-0-1] INFO  o.e.m.c.i.e.AbstractTransferListenerAdapter - Downloading https://repo.maven.apache.org/maven2/com/fasterxml/jackson/core/jackson-core/2.15.2/jackson-core-2.15.2.jar
2025-03-29 17:38:27,326 [BasicRepositoryConnector-repo.maven.apache.org-0-0] INFO  o.e.m.c.i.e.AbstractTransferListenerAdapter - Downloaded https://repo.maven.apache.org/maven2/com/fasterxml/jackson/core/jackson-annotations/2.15.2/jackson-annotations-2.15.2.jar
2025-03-29 17:38:27,466 [BasicRepositoryConnector-repo.maven.apache.org-0-1] INFO  o.e.m.c.i.e.AbstractTransferListenerAdapter - Downloaded https://repo.maven.apache.org/maven2/com/fasterxml/jackson/core/jackson-core/2.15.2/jackson-core-2.15.2.jar
2025-03-29 17:38:28,243 [Worker-32: Updating Maven Project] INFO  o.e.m.j.i.AbstractJavaProjectConfigurator - Adding source folder /WebScraperProject/src/main/java
2025-03-29 17:38:28,244 [Worker-32: Updating Maven Project] INFO  o.e.m.j.i.AbstractJavaProjectConfigurator - Adding resource folder /WebScraperProject/src/main/resources
2025-03-29 17:38:28,245 [Worker-32: Updating Maven Project] INFO  o.e.m.j.i.AbstractJavaProjectConfigurator - Adding source folder /WebScraperProject/src/test/java
2025-03-29 17:38:28,246 [Worker-32: Updating Maven Project] INFO  o.e.m.j.i.AbstractJavaProjectConfigurator - Adding resource folder /WebScraperProject/src/test/resources
2025-03-29 17:38:28,563 [Worker-32: Updating Maven Project] INFO  o.e.m.c.i.p.ProjectConfigurationManager - Update completed for 1 poms: local refresh takes 0.00 sec, refresh facades takes 3.00 sec, update config takes 0.00 sec 
2025-03-29 17:38:29,106 [Worker-28: Download sources and javadoc] INFO  o.e.m.c.i.e.AbstractTransferListenerAdapter - Downloading https://repo.maven.apache.org/maven2/com/fasterxml/jackson/core/jackson-databind/2.15.2/jackson-databind-2.15.2-sources.jar
2025-03-29 17:38:29,703 [Worker-28: Download sources and javadoc] INFO  o.e.m.c.i.e.AbstractTransferListenerAdapter - Downloaded https://repo.maven.apache.org/maven2/com/fasterxml/jackson/core/jackson-databind/2.15.2/jackson-databind-2.15.2-sources.jar
2025-03-29 17:38:29,708 [Worker-28: Download sources and javadoc] INFO  o.e.m.j.internal.DownloadSourcesJob - Downloaded sources for com.fasterxml.jackson.core:jackson-databind:2.15.2
2025-03-29 17:38:29,738 [Worker-28: Download sources and javadoc] INFO  o.e.m.c.i.e.AbstractTransferListenerAdapter - Downloading https://repo.maven.apache.org/maven2/com/fasterxml/jackson/core/jackson-annotations/2.15.2/jackson-annotations-2.15.2-sources.jar
2025-03-29 17:38:29,752 [Worker-28: Download sources and javadoc] INFO  o.e.m.c.i.e.AbstractTransferListenerAdapter - Downloaded https://repo.maven.apache.org/maven2/com/fasterxml/jackson/core/jackson-annotations/2.15.2/jackson-annotations-2.15.2-sources.jar
2025-03-29 17:38:29,757 [Worker-28: Download sources and javadoc] INFO  o.e.m.j.internal.DownloadSourcesJob - Downloaded sources for com.fasterxml.jackson.core:jackson-annotations:2.15.2
2025-03-29 17:38:29,789 [Worker-28: Download sources and javadoc] INFO  o.e.m.c.i.e.AbstractTransferListenerAdapter - Downloading https://repo.maven.apache.org/maven2/com/fasterxml/jackson/core/jackson-core/2.15.2/jackson-core-2.15.2-sources.jar
2025-03-29 17:38:29,880 [Worker-28: Download sources and javadoc] INFO  o.e.m.c.i.e.AbstractTransferListenerAdapter - Downloaded https://repo.maven.apache.org/maven2/com/fasterxml/jackson/core/jackson-core/2.15.2/jackson-core-2.15.2-sources.jar
2025-03-29 17:38:29,887 [Worker-28: Download sources and javadoc] INFO  o.e.m.j.internal.DownloadSourcesJob - Downloaded sources for com.fasterxml.jackson.core:jackson-core:2.15.2
2025-03-29 17:40:54,611 [Worker-30: Updating Maven Project] INFO  o.e.m.c.i.p.ProjectConfigurationManager - Update started
2025-03-29 17:40:55,020 [Worker-30: Updating Maven Project] INFO  o.e.m.c.i.l.LifecycleMappingFactory - Using org.eclipse.m2e.jdt.JarLifecycleMapping lifecycle mapping for MavenProject: com.scraper:WebScraperProject:1.0-SNAPSHOT @ C:\Projects\browserstackAssignment\WebScraperProject\pom.xml.
2025-03-29 17:40:56,093 [Worker-30: Updating Maven Project] INFO  o.e.m.j.i.AbstractJavaProjectConfigurator - Adding source folder /WebScraperProject/src/main/java
2025-03-29 17:40:56,094 [Worker-30: Updating Maven Project] INFO  o.e.m.j.i.AbstractJavaProjectConfigurator - Adding resource folder /WebScraperProject/src/main/resources
2025-03-29 17:40:56,094 [Worker-30: Updating Maven Project] INFO  o.e.m.j.i.AbstractJavaProjectConfigurator - Adding source folder /WebScraperProject/src/test/java
2025-03-29 17:40:56,095 [Worker-30: Updating Maven Project] INFO  o.e.m.j.i.AbstractJavaProjectConfigurator - Adding resource folder /WebScraperProject/src/test/resources
2025-03-29 17:40:56,324 [Worker-30: Updating Maven Project] INFO  o.e.m.c.i.p.ProjectConfigurationManager - Update completed for 1 poms: local refresh takes 0.00 sec, refresh facades takes 1.00 sec, update config takes 0.00 sec 
2025-03-29 17:41:09,935 [Worker-33: Launching Executing install in C__Projects_browserstackAssignment_WebScraperProject] INFO  o.eclipse.m2e.core.internal.Bundles - getClasspathEntries(Bundle=org.eclipse.m2e.maven.runtime_3.9.900.20240824-1409 [644])
2025-03-29 17:41:09,937 [Worker-33: Launching Executing install in C__Projects_browserstackAssignment_WebScraperProject] INFO  o.eclipse.m2e.core.internal.Bundles - 	Entry: C:\Users\info\Downloads\eclipse-jee-2024-12-R-win32-x86_64\eclipse\plugins\org.eclipse.m2e.maven.runtime_3.9.900.20240824-1409
2025-03-29 17:41:09,937 [Worker-33: Launching Executing install in C__Projects_browserstackAssignment_WebScraperProject] INFO  o.eclipse.m2e.core.internal.Bundles - 	Entry: C:\Users\info\Downloads\eclipse-jee-2024-12-R-win32-x86_64\eclipse\plugins\org.eclipse.m2e.maven.runtime_3.9.900.20240824-1409\jars\aopalliance-1.0.jar
2025-03-29 17:41:09,938 [Worker-33: Launching Executing install in C__Projects_browserstackAssignment_WebScraperProject] INFO  o.eclipse.m2e.core.internal.Bundles - 	Entry: C:\Users\info\Downloads\eclipse-jee-2024-12-R-win32-x86_64\eclipse\plugins\org.eclipse.m2e.maven.runtime_3.9.900.20240824-1409\jars\guice-5.1.0.jar
2025-03-29 17:41:09,938 [Worker-33: Launching Executing install in C__Projects_browserstackAssignment_WebScraperProject] INFO  o.eclipse.m2e.core.internal.Bundles - 	Entry: C:\Users\info\Downloads\eclipse-jee-2024-12-R-win32-x86_64\eclipse\plugins\org.eclipse.m2e.maven.runtime_3.9.900.20240824-1409\jars\httpclient-4.5.14.jar
2025-03-29 17:41:09,938 [Worker-33: Launching Executing install in C__Projects_browserstackAssignment_WebScraperProject] INFO  o.eclipse.m2e.core.internal.Bundles - 	Entry: C:\Users\info\Downloads\eclipse-jee-2024-12-R-win32-x86_64\eclipse\plugins\org.eclipse.m2e.maven.runtime_3.9.900.20240824-1409\jars\httpcore-4.4.16.jar
2025-03-29 17:41:09,938 [Worker-33: Launching Executing install in C__Projects_browserstackAssignment_WebScraperProject] INFO  o.eclipse.m2e.core.internal.Bundles - 	Entry: C:\Users\info\Downloads\eclipse-jee-2024-12-R-win32-x86_64\eclipse\plugins\org.eclipse.m2e.maven.runtime_3.9.900.20240824-1409\jars\jansi-2.4.1.jar
2025-03-29 17:41:09,938 [Worker-33: Launching Executing install in C__Projects_browserstackAssignment_WebScraperProject] INFO  o.eclipse.m2e.core.internal.Bundles - 	Entry: C:\Users\info\Downloads\eclipse-jee-2024-12-R-win32-x86_64\eclipse\plugins\org.eclipse.m2e.maven.runtime_3.9.900.20240824-1409\jars\jcl-over-slf4j-1.7.36.jar
2025-03-29 17:41:09,939 [Worker-33: Launching Executing install in C__Projects_browserstackAssignment_WebScraperProject] INFO  o.eclipse.m2e.core.internal.Bundles - 	Entry: C:\Users\info\Downloads\eclipse-jee-2024-12-R-win32-x86_64\eclipse\plugins\org.eclipse.m2e.maven.runtime_3.9.900.20240824-1409\jars\maven-artifact-3.9.9.jar
2025-03-29 17:41:09,939 [Worker-33: Launching Executing install in C__Projects_browserstackAssignment_WebScraperProject] INFO  o.eclipse.m2e.core.internal.Bundles - 	Entry: C:\Users\info\Downloads\eclipse-jee-2024-12-R-win32-x86_64\eclipse\plugins\org.eclipse.m2e.maven.runtime_3.9.900.20240824-1409\jars\maven-builder-support-3.9.9.jar
2025-03-29 17:41:09,939 [Worker-33: Launching Executing install in C__Projects_browserstackAssignment_WebScraperProject] INFO  o.eclipse.m2e.core.internal.Bundles - 	Entry: C:\Users\info\Downloads\eclipse-jee-2024-12-R-win32-x86_64\eclipse\plugins\org.eclipse.m2e.maven.runtime_3.9.900.20240824-1409\jars\maven-compat-3.9.9.jar
2025-03-29 17:41:09,939 [Worker-33: Launching Executing install in C__Projects_browserstackAssignment_WebScraperProject] INFO  o.eclipse.m2e.core.internal.Bundles - 	Entry: C:\Users\info\Downloads\eclipse-jee-2024-12-R-win32-x86_64\eclipse\plugins\org.eclipse.m2e.maven.runtime_3.9.900.20240824-1409\jars\maven-core-3.9.9.jar
2025-03-29 17:41:09,939 [Worker-33: Launching Executing install in C__Projects_browserstackAssignment_WebScraperProject] INFO  o.eclipse.m2e.core.internal.Bundles - 	Entry: C:\Users\info\Downloads\eclipse-jee-2024-12-R-win32-x86_64\eclipse\plugins\org.eclipse.m2e.maven.runtime_3.9.900.20240824-1409\jars\maven-embedder-3.9.9.jar
2025-03-29 17:41:09,940 [Worker-33: Launching Executing install in C__Projects_browserstackAssignment_WebScraperProject] INFO  o.eclipse.m2e.core.internal.Bundles - 	Entry: C:\Users\info\Downloads\eclipse-jee-2024-12-R-win32-x86_64\eclipse\plugins\org.eclipse.m2e.maven.runtime_3.9.900.20240824-1409\jars\maven-model-3.9.9.jar
2025-03-29 17:41:09,940 [Worker-33: Launching Executing install in C__Projects_browserstackAssignment_WebScraperProject] INFO  o.eclipse.m2e.core.internal.Bundles - 	Entry: C:\Users\info\Downloads\eclipse-jee-2024-12-R-win32-x86_64\eclipse\plugins\org.eclipse.m2e.maven.runtime_3.9.900.20240824-1409\jars\maven-model-builder-3.9.9.jar
2025-03-29 17:41:09,940 [Worker-33: Launching Executing install in C__Projects_browserstackAssignment_WebScraperProject] INFO  o.eclipse.m2e.core.internal.Bundles - 	Entry: C:\Users\info\Downloads\eclipse-jee-2024-12-R-win32-x86_64\eclipse\plugins\org.eclipse.m2e.maven.runtime_3.9.900.20240824-1409\jars\maven-plugin-api-3.9.9.jar
2025-03-29 17:41:09,940 [Worker-33: Launching Executing install in C__Projects_browserstackAssignment_WebScraperProject] INFO  o.eclipse.m2e.core.internal.Bundles - 	Entry: C:\Users\info\Downloads\eclipse-jee-2024-12-R-win32-x86_64\eclipse\plugins\org.eclipse.m2e.maven.runtime_3.9.900.20240824-1409\jars\maven-repository-metadata-3.9.9.jar
2025-03-29 17:41:09,940 [Worker-33: Launching Executing install in C__Projects_browserstackAssignment_WebScraperProject] INFO  o.eclipse.m2e.core.internal.Bundles - 	Entry: C:\Users\info\Downloads\eclipse-jee-2024-12-R-win32-x86_64\eclipse\plugins\org.eclipse.m2e.maven.runtime_3.9.900.20240824-1409\jars\maven-resolver-api-1.9.22.jar
2025-03-29 17:41:09,941 [Worker-33: Launching Executing install in C__Projects_browserstackAssignment_WebScraperProject] INFO  o.eclipse.m2e.core.internal.Bundles - 	Entry: C:\Users\info\Downloads\eclipse-jee-2024-12-R-win32-x86_64\eclipse\plugins\org.eclipse.m2e.maven.runtime_3.9.900.20240824-1409\jars\maven-resolver-connector-basic-1.9.22.jar
2025-03-29 17:41:09,941 [Worker-33: Launching Executing install in C__Projects_browserstackAssignment_WebScraperProject] INFO  o.eclipse.m2e.core.internal.Bundles - 	Entry: C:\Users\info\Downloads\eclipse-jee-2024-12-R-win32-x86_64\eclipse\plugins\org.eclipse.m2e.maven.runtime_3.9.900.20240824-1409\jars\maven-resolver-impl-1.9.22.jar
2025-03-29 17:41:09,941 [Worker-33: Launching Executing install in C__Projects_browserstackAssignment_WebScraperProject] INFO  o.eclipse.m2e.core.internal.Bundles - 	Entry: C:\Users\info\Downloads\eclipse-jee-2024-12-R-win32-x86_64\eclipse\plugins\org.eclipse.m2e.maven.runtime_3.9.900.20240824-1409\jars\maven-resolver-named-locks-1.9.22.jar
2025-03-29 17:41:09,941 [Worker-33: Launching Executing install in C__Projects_browserstackAssignment_WebScraperProject] INFO  o.eclipse.m2e.core.internal.Bundles - 	Entry: C:\Users\info\Downloads\eclipse-jee-2024-12-R-win32-x86_64\eclipse\plugins\org.eclipse.m2e.maven.runtime_3.9.900.20240824-1409\jars\maven-resolver-provider-3.9.9.jar
2025-03-29 17:41:09,941 [Worker-33: Launching Executing install in C__Projects_browserstackAssignment_WebScraperProject] INFO  o.eclipse.m2e.core.internal.Bundles - 	Entry: C:\Users\info\Downloads\eclipse-jee-2024-12-R-win32-x86_64\eclipse\plugins\org.eclipse.m2e.maven.runtime_3.9.900.20240824-1409\jars\maven-resolver-spi-1.9.22.jar
2025-03-29 17:41:09,942 [Worker-33: Launching Executing install in C__Projects_browserstackAssignment_WebScraperProject] INFO  o.eclipse.m2e.core.internal.Bundles - 	Entry: C:\Users\info\Downloads\eclipse-jee-2024-12-R-win32-x86_64\eclipse\plugins\org.eclipse.m2e.maven.runtime_3.9.900.20240824-1409\jars\maven-resolver-transport-file-1.9.22.jar
2025-03-29 17:41:09,942 [Worker-33: Launching Executing install in C__Projects_browserstackAssignment_WebScraperProject] INFO  o.eclipse.m2e.core.internal.Bundles - 	Entry: C:\Users\info\Downloads\eclipse-jee-2024-12-R-win32-x86_64\eclipse\plugins\org.eclipse.m2e.maven.runtime_3.9.900.20240824-1409\jars\maven-resolver-transport-http-1.9.22.jar
2025-03-29 17:41:09,942 [Worker-33: Launching Executing install in C__Projects_browserstackAssignment_WebScraperProject] INFO  o.eclipse.m2e.core.internal.Bundles - 	Entry: C:\Users\info\Downloads\eclipse-jee-2024-12-R-win32-x86_64\eclipse\plugins\org.eclipse.m2e.maven.runtime_3.9.900.20240824-1409\jars\maven-resolver-transport-wagon-1.9.22.jar
2025-03-29 17:41:09,942 [Worker-33: Launching Executing install in C__Projects_browserstackAssignment_WebScraperProject] INFO  o.eclipse.m2e.core.internal.Bundles - 	Entry: C:\Users\info\Downloads\eclipse-jee-2024-12-R-win32-x86_64\eclipse\plugins\org.eclipse.m2e.maven.runtime_3.9.900.20240824-1409\jars\maven-resolver-util-1.9.22.jar
2025-03-29 17:41:09,942 [Worker-33: Launching Executing install in C__Projects_browserstackAssignment_WebScraperProject] INFO  o.eclipse.m2e.core.internal.Bundles - 	Entry: C:\Users\info\Downloads\eclipse-jee-2024-12-R-win32-x86_64\eclipse\plugins\org.eclipse.m2e.maven.runtime_3.9.900.20240824-1409\jars\maven-settings-3.9.9.jar
2025-03-29 17:41:09,943 [Worker-33: Launching Executing install in C__Projects_browserstackAssignment_WebScraperProject] INFO  o.eclipse.m2e.core.internal.Bundles - 	Entry: C:\Users\info\Downloads\eclipse-jee-2024-12-R-win32-x86_64\eclipse\plugins\org.eclipse.m2e.maven.runtime_3.9.900.20240824-1409\jars\maven-settings-builder-3.9.9.jar
2025-03-29 17:41:09,943 [Worker-33: Launching Executing install in C__Projects_browserstackAssignment_WebScraperProject] INFO  o.eclipse.m2e.core.internal.Bundles - 	Entry: C:\Users\info\Downloads\eclipse-jee-2024-12-R-win32-x86_64\eclipse\plugins\org.eclipse.m2e.maven.runtime_3.9.900.20240824-1409\jars\maven-shared-utils-3.4.2.jar
2025-03-29 17:41:09,943 [Worker-33: Launching Executing install in C__Projects_browserstackAssignment_WebScraperProject] INFO  o.eclipse.m2e.core.internal.Bundles - 	Entry: C:\Users\info\Downloads\eclipse-jee-2024-12-R-win32-x86_64\eclipse\plugins\org.eclipse.m2e.maven.runtime_3.9.900.20240824-1409\jars\org.eclipse.sisu.inject-0.9.0.M3.jar
2025-03-29 17:41:09,943 [Worker-33: Launching Executing install in C__Projects_browserstackAssignment_WebScraperProject] INFO  o.eclipse.m2e.core.internal.Bundles - 	Entry: C:\Users\info\Downloads\eclipse-jee-2024-12-R-win32-x86_64\eclipse\plugins\org.eclipse.m2e.maven.runtime_3.9.900.20240824-1409\jars\org.eclipse.sisu.plexus-0.9.0.M3.jar
2025-03-29 17:41:09,944 [Worker-33: Launching Executing install in C__Projects_browserstackAssignment_WebScraperProject] INFO  o.eclipse.m2e.core.internal.Bundles - 	Entry: C:\Users\info\Downloads\eclipse-jee-2024-12-R-win32-x86_64\eclipse\plugins\org.eclipse.m2e.maven.runtime_3.9.900.20240824-1409\jars\plexus-build-api-0.0.7.jar
2025-03-29 17:41:09,944 [Worker-33: Launching Executing install in C__Projects_browserstackAssignment_WebScraperProject] INFO  o.eclipse.m2e.core.internal.Bundles - 	Entry: C:\Users\info\Downloads\eclipse-jee-2024-12-R-win32-x86_64\eclipse\plugins\org.eclipse.m2e.maven.runtime_3.9.900.20240824-1409\jars\plexus-build-api-1.2.0.jar
2025-03-29 17:41:09,944 [Worker-33: Launching Executing install in C__Projects_browserstackAssignment_WebScraperProject] INFO  o.eclipse.m2e.core.internal.Bundles - 	Entry: C:\Users\info\Downloads\eclipse-jee-2024-12-R-win32-x86_64\eclipse\plugins\org.eclipse.m2e.maven.runtime_3.9.900.20240824-1409\jars\plexus-cipher-2.0.jar
2025-03-29 17:41:09,944 [Worker-33: Launching Executing install in C__Projects_browserstackAssignment_WebScraperProject] INFO  o.eclipse.m2e.core.internal.Bundles - 	Entry: C:\Users\info\Downloads\eclipse-jee-2024-12-R-win32-x86_64\eclipse\plugins\org.eclipse.m2e.maven.runtime_3.9.900.20240824-1409\jars\plexus-classworlds-2.8.0.jar
2025-03-29 17:41:09,945 [Worker-33: Launching Executing install in C__Projects_browserstackAssignment_WebScraperProject] INFO  o.eclipse.m2e.core.internal.Bundles - 	Entry: C:\Users\info\Downloads\eclipse-jee-2024-12-R-win32-x86_64\eclipse\plugins\org.eclipse.m2e.maven.runtime_3.9.900.20240824-1409\jars\plexus-component-annotations-2.1.0.jar
2025-03-29 17:41:09,945 [Worker-33: Launching Executing install in C__Projects_browserstackAssignment_WebScraperProject] INFO  o.eclipse.m2e.core.internal.Bundles - 	Entry: C:\Users\info\Downloads\eclipse-jee-2024-12-R-win32-x86_64\eclipse\plugins\org.eclipse.m2e.maven.runtime_3.9.900.20240824-1409\jars\plexus-interpolation-1.27.jar
2025-03-29 17:41:09,945 [Worker-33: Launching Executing install in C__Projects_browserstackAssignment_WebScraperProject] INFO  o.eclipse.m2e.core.internal.Bundles - 	Entry: C:\Users\info\Downloads\eclipse-jee-2024-12-R-win32-x86_64\eclipse\plugins\org.eclipse.m2e.maven.runtime_3.9.900.20240824-1409\jars\plexus-sec-dispatcher-2.0.jar
2025-03-29 17:41:09,945 [Worker-33: Launching Executing install in C__Projects_browserstackAssignment_WebScraperProject] INFO  o.eclipse.m2e.core.internal.Bundles - 	Entry: C:\Users\info\Downloads\eclipse-jee-2024-12-R-win32-x86_64\eclipse\plugins\org.eclipse.m2e.maven.runtime_3.9.900.20240824-1409\jars\plexus-utils-3.5.1.jar
2025-03-29 17:41:09,946 [Worker-33: Launching Executing install in C__Projects_browserstackAssignment_WebScraperProject] INFO  o.eclipse.m2e.core.internal.Bundles - 	Entry: C:\Users\info\Downloads\eclipse-jee-2024-12-R-win32-x86_64\eclipse\plugins\org.eclipse.m2e.maven.runtime_3.9.900.20240824-1409\jars\plexus-xml-3.0.1.jar
2025-03-29 17:41:09,946 [Worker-33: Launching Executing install in C__Projects_browserstackAssignment_WebScraperProject] INFO  o.eclipse.m2e.core.internal.Bundles - 	Entry: C:\Users\info\Downloads\eclipse-jee-2024-12-R-win32-x86_64\eclipse\plugins\org.eclipse.m2e.maven.runtime_3.9.900.20240824-1409\jars\wagon-file-3.5.3.jar
2025-03-29 17:41:09,946 [Worker-33: Launching Executing install in C__Projects_browserstackAssignment_WebScraperProject] INFO  o.eclipse.m2e.core.internal.Bundles - 	Entry: C:\Users\info\Downloads\eclipse-jee-2024-12-R-win32-x86_64\eclipse\plugins\org.eclipse.m2e.maven.runtime_3.9.900.20240824-1409\jars\wagon-http-3.5.3.jar
2025-03-29 17:41:09,946 [Worker-33: Launching Executing install in C__Projects_browserstackAssignment_WebScraperProject] INFO  o.eclipse.m2e.core.internal.Bundles - 	Entry: C:\Users\info\Downloads\eclipse-jee-2024-12-R-win32-x86_64\eclipse\plugins\org.eclipse.m2e.maven.runtime_3.9.900.20240824-1409\jars\wagon-http-shared-3.5.3.jar
2025-03-29 17:41:09,946 [Worker-33: Launching Executing install in C__Projects_browserstackAssignment_WebScraperProject] INFO  o.eclipse.m2e.core.internal.Bundles - 	Entry: C:\Users\info\Downloads\eclipse-jee-2024-12-R-win32-x86_64\eclipse\plugins\org.eclipse.m2e.maven.runtime_3.9.900.20240824-1409\jars\wagon-provider-api-3.5.3.jar
2025-03-29 17:41:09,947 [Worker-33: Launching Executing install in C__Projects_browserstackAssignment_WebScraperProject] INFO  o.eclipse.m2e.core.internal.Bundles - getClasspathEntries(Bundle=com.google.guava_33.4.0.jre [18])
2025-03-29 17:41:09,948 [Worker-33: Launching Executing install in C__Projects_browserstackAssignment_WebScraperProject] INFO  o.eclipse.m2e.core.internal.Bundles - 	Entry: C:\Users\info\Downloads\eclipse-jee-2024-12-R-win32-x86_64\eclipse\plugins\com.google.guava_33.4.0.jre.jar
2025-03-29 17:41:09,948 [Worker-33: Launching Executing install in C__Projects_browserstackAssignment_WebScraperProject] INFO  o.eclipse.m2e.core.internal.Bundles - getClasspathEntries(Bundle=slf4j.api_2.0.17 [1016])
2025-03-29 17:41:09,949 [Worker-33: Launching Executing install in C__Projects_browserstackAssignment_WebScraperProject] INFO  o.eclipse.m2e.core.internal.Bundles - 	Entry: C:\Users\info\Downloads\eclipse-jee-2024-12-R-win32-x86_64\eclipse\plugins\slf4j.api_2.0.17.jar
2025-03-29 17:41:09,949 [Worker-33: Launching Executing install in C__Projects_browserstackAssignment_WebScraperProject] INFO  o.eclipse.m2e.core.internal.Bundles - getClasspathEntries(Bundle=jakarta.inject.jakarta.inject-api_1.0.5 [39])
2025-03-29 17:41:09,949 [Worker-33: Launching Executing install in C__Projects_browserstackAssignment_WebScraperProject] INFO  o.eclipse.m2e.core.internal.Bundles - 	Entry: C:\Users\info\Downloads\eclipse-jee-2024-12-R-win32-x86_64\eclipse\plugins\jakarta.inject.jakarta.inject-api_1.0.5.jar
2025-03-29 17:41:09,949 [Worker-33: Launching Executing install in C__Projects_browserstackAssignment_WebScraperProject] INFO  o.eclipse.m2e.core.internal.Bundles - getClasspathEntries(Bundle=jakarta.annotation-api_1.3.5 [34])
2025-03-29 17:41:09,950 [Worker-33: Launching Executing install in C__Projects_browserstackAssignment_WebScraperProject] INFO  o.eclipse.m2e.core.internal.Bundles - 	Entry: C:\Users\info\Downloads\eclipse-jee-2024-12-R-win32-x86_64\eclipse\plugins\jakarta.annotation-api_1.3.5.jar
2025-03-29 17:41:09,950 [Worker-33: Launching Executing install in C__Projects_browserstackAssignment_WebScraperProject] INFO  o.eclipse.m2e.core.internal.Bundles - getClasspathEntries(Bundle=org.apache.commons.cli_1.9.0 [80])
2025-03-29 17:41:09,950 [Worker-33: Launching Executing install in C__Projects_browserstackAssignment_WebScraperProject] INFO  o.eclipse.m2e.core.internal.Bundles - 	Entry: C:\Users\info\Downloads\eclipse-jee-2024-12-R-win32-x86_64\eclipse\plugins\org.apache.commons.cli_1.9.0.jar
2025-03-29 17:41:09,951 [Worker-33: Launching Executing install in C__Projects_browserstackAssignment_WebScraperProject] INFO  o.eclipse.m2e.core.internal.Bundles - getClasspathEntries(Bundle=org.apache.commons.commons-codec_1.16.0 [83])
2025-03-29 17:41:09,951 [Worker-33: Launching Executing install in C__Projects_browserstackAssignment_WebScraperProject] INFO  o.eclipse.m2e.core.internal.Bundles - 	Entry: C:\Users\info\Downloads\eclipse-jee-2024-12-R-win32-x86_64\eclipse\plugins\org.apache.commons.commons-codec_1.16.0.jar
2025-03-29 17:41:09,951 [Worker-33: Launching Executing install in C__Projects_browserstackAssignment_WebScraperProject] INFO  o.eclipse.m2e.core.internal.Bundles - getClasspathEntries(Bundle=com.google.guava.failureaccess_1.0.2 [19])
2025-03-29 17:41:09,952 [Worker-33: Launching Executing install in C__Projects_browserstackAssignment_WebScraperProject] INFO  o.eclipse.m2e.core.internal.Bundles - 	Entry: C:\Users\info\Downloads\eclipse-jee-2024-12-R-win32-x86_64\eclipse\plugins\com.google.guava.failureaccess_1.0.2.jar
2025-03-29 17:41:09,971 [Worker-33: Launching Executing install in C__Projects_browserstackAssignment_WebScraperProject] INFO  o.e.m.i.launch.MavenLaunchDelegate - Run build in "C:\Projects\browserstackAssignment\WebScraperProject":
2025-03-29 17:41:09,975 [Worker-33: Launching Executing install in C__Projects_browserstackAssignment_WebScraperProject] INFO  o.e.m.i.launch.MavenLaunchDelegate -  mvn  -B -Dstyle.color=always install
2025-03-29 17:45:31,474 [Worker-35: Updating Maven Project] INFO  o.e.m.c.i.p.ProjectConfigurationManager - Update started
2025-03-29 17:45:31,828 [Worker-35: Updating Maven Project] INFO  o.e.m.c.i.l.LifecycleMappingFactory - Using org.eclipse.m2e.jdt.JarLifecycleMapping lifecycle mapping for MavenProject: com.scraper:WebScraperProject:1.0-SNAPSHOT @ C:\Projects\browserstackAssignment\WebScraperProject\pom.xml.
2025-03-29 17:45:32,775 [Worker-35: Updating Maven Project] INFO  o.e.m.j.i.AbstractJavaProjectConfigurator - Adding source folder /WebScraperProject/src/main/java
2025-03-29 17:45:32,776 [Worker-35: Updating Maven Project] INFO  o.e.m.j.i.AbstractJavaProjectConfigurator - Adding resource folder /WebScraperProject/src/main/resources
2025-03-29 17:45:32,776 [Worker-35: Updating Maven Project] INFO  o.e.m.j.i.AbstractJavaProjectConfigurator - Adding source folder /WebScraperProject/src/test/java
2025-03-29 17:45:32,777 [Worker-35: Updating Maven Project] INFO  o.e.m.j.i.AbstractJavaProjectConfigurator - Adding resource folder /WebScraperProject/src/test/resources
2025-03-29 17:45:33,024 [Worker-35: Updating Maven Project] INFO  o.e.m.c.i.p.ProjectConfigurationManager - Update completed for 1 poms: local refresh takes 0.00 sec, refresh facades takes 1.00 sec, update config takes 0.00 sec 
2025-03-29 17:46:06,728 [Worker-28: Launching Executing install in C__Projects_browserstackAssignment_WebScraperProject] INFO  o.eclipse.m2e.core.internal.Bundles - getClasspathEntries(Bundle=org.eclipse.m2e.maven.runtime_3.9.900.20240824-1409 [644])
2025-03-29 17:46:06,729 [Worker-28: Launching Executing install in C__Projects_browserstackAssignment_WebScraperProject] INFO  o.eclipse.m2e.core.internal.Bundles - 	Entry: C:\Users\info\Downloads\eclipse-jee-2024-12-R-win32-x86_64\eclipse\plugins\org.eclipse.m2e.maven.runtime_3.9.900.20240824-1409
2025-03-29 17:46:06,730 [Worker-28: Launching Executing install in C__Projects_browserstackAssignment_WebScraperProject] INFO  o.eclipse.m2e.core.internal.Bundles - 	Entry: C:\Users\info\Downloads\eclipse-jee-2024-12-R-win32-x86_64\eclipse\plugins\org.eclipse.m2e.maven.runtime_3.9.900.20240824-1409\jars\aopalliance-1.0.jar
2025-03-29 17:46:06,730 [Worker-28: Launching Executing install in C__Projects_browserstackAssignment_WebScraperProject] INFO  o.eclipse.m2e.core.internal.Bundles - 	Entry: C:\Users\info\Downloads\eclipse-jee-2024-12-R-win32-x86_64\eclipse\plugins\org.eclipse.m2e.maven.runtime_3.9.900.20240824-1409\jars\guice-5.1.0.jar
2025-03-29 17:46:06,730 [Worker-28: Launching Executing install in C__Projects_browserstackAssignment_WebScraperProject] INFO  o.eclipse.m2e.core.internal.Bundles - 	Entry: C:\Users\info\Downloads\eclipse-jee-2024-12-R-win32-x86_64\eclipse\plugins\org.eclipse.m2e.maven.runtime_3.9.900.20240824-1409\jars\httpclient-4.5.14.jar
2025-03-29 17:46:06,731 [Worker-28: Launching Executing install in C__Projects_browserstackAssignment_WebScraperProject] INFO  o.eclipse.m2e.core.internal.Bundles - 	Entry: C:\Users\info\Downloads\eclipse-jee-2024-12-R-win32-x86_64\eclipse\plugins\org.eclipse.m2e.maven.runtime_3.9.900.20240824-1409\jars\httpcore-4.4.16.jar
2025-03-29 17:46:06,731 [Worker-28: Launching Executing install in C__Projects_browserstackAssignment_WebScraperProject] INFO  o.eclipse.m2e.core.internal.Bundles - 	Entry: C:\Users\info\Downloads\eclipse-jee-2024-12-R-win32-x86_64\eclipse\plugins\org.eclipse.m2e.maven.runtime_3.9.900.20240824-1409\jars\jansi-2.4.1.jar
2025-03-29 17:46:06,731 [Worker-28: Launching Executing install in C__Projects_browserstackAssignment_WebScraperProject] INFO  o.eclipse.m2e.core.internal.Bundles - 	Entry: C:\Users\info\Downloads\eclipse-jee-2024-12-R-win32-x86_64\eclipse\plugins\org.eclipse.m2e.maven.runtime_3.9.900.20240824-1409\jars\jcl-over-slf4j-1.7.36.jar
2025-03-29 17:46:06,731 [Worker-28: Launching Executing install in C__Projects_browserstackAssignment_WebScraperProject] INFO  o.eclipse.m2e.core.internal.Bundles - 	Entry: C:\Users\info\Downloads\eclipse-jee-2024-12-R-win32-x86_64\eclipse\plugins\org.eclipse.m2e.maven.runtime_3.9.900.20240824-1409\jars\maven-artifact-3.9.9.jar
2025-03-29 17:46:06,732 [Worker-28: Launching Executing install in C__Projects_browserstackAssignment_WebScraperProject] INFO  o.eclipse.m2e.core.internal.Bundles - 	Entry: C:\Users\info\Downloads\eclipse-jee-2024-12-R-win32-x86_64\eclipse\plugins\org.eclipse.m2e.maven.runtime_3.9.900.20240824-1409\jars\maven-builder-support-3.9.9.jar
2025-03-29 17:46:06,732 [Worker-28: Launching Executing install in C__Projects_browserstackAssignment_WebScraperProject] INFO  o.eclipse.m2e.core.internal.Bundles - 	Entry: C:\Users\info\Downloads\eclipse-jee-2024-12-R-win32-x86_64\eclipse\plugins\org.eclipse.m2e.maven.runtime_3.9.900.20240824-1409\jars\maven-compat-3.9.9.jar
2025-03-29 17:46:06,732 [Worker-28: Launching Executing install in C__Projects_browserstackAssignment_WebScraperProject] INFO  o.eclipse.m2e.core.internal.Bundles - 	Entry: C:\Users\info\Downloads\eclipse-jee-2024-12-R-win32-x86_64\eclipse\plugins\org.eclipse.m2e.maven.runtime_3.9.900.20240824-1409\jars\maven-core-3.9.9.jar
2025-03-29 17:46:06,733 [Worker-28: Launching Executing install in C__Projects_browserstackAssignment_WebScraperProject] INFO  o.eclipse.m2e.core.internal.Bundles - 	Entry: C:\Users\info\Downloads\eclipse-jee-2024-12-R-win32-x86_64\eclipse\plugins\org.eclipse.m2e.maven.runtime_3.9.900.20240824-1409\jars\maven-embedder-3.9.9.jar
2025-03-29 17:46:06,733 [Worker-28: Launching Executing install in C__Projects_browserstackAssignment_WebScraperProject] INFO  o.eclipse.m2e.core.internal.Bundles - 	Entry: C:\Users\info\Downloads\eclipse-jee-2024-12-R-win32-x86_64\eclipse\plugins\org.eclipse.m2e.maven.runtime_3.9.900.20240824-1409\jars\maven-model-3.9.9.jar
2025-03-29 17:46:06,733 [Worker-28: Launching Executing install in C__Projects_browserstackAssignment_WebScraperProject] INFO  o.eclipse.m2e.core.internal.Bundles - 	Entry: C:\Users\info\Downloads\eclipse-jee-2024-12-R-win32-x86_64\eclipse\plugins\org.eclipse.m2e.maven.runtime_3.9.900.20240824-1409\jars\maven-model-builder-3.9.9.jar
2025-03-29 17:46:06,733 [Worker-28: Launching Executing install in C__Projects_browserstackAssignment_WebScraperProject] INFO  o.eclipse.m2e.core.internal.Bundles - 	Entry: C:\Users\info\Downloads\eclipse-jee-2024-12-R-win32-x86_64\eclipse\plugins\org.eclipse.m2e.maven.runtime_3.9.900.20240824-1409\jars\maven-plugin-api-3.9.9.jar
2025-03-29 17:46:06,733 [Worker-28: Launching Executing install in C__Projects_browserstackAssignment_WebScraperProject] INFO  o.eclipse.m2e.core.internal.Bundles - 	Entry: C:\Users\info\Downloads\eclipse-jee-2024-12-R-win32-x86_64\eclipse\plugins\org.eclipse.m2e.maven.runtime_3.9.900.20240824-1409\jars\maven-repository-metadata-3.9.9.jar
2025-03-29 17:46:06,734 [Worker-28: Launching Executing install in C__Projects_browserstackAssignment_WebScraperProject] INFO  o.eclipse.m2e.core.internal.Bundles - 	Entry: C:\Users\info\Downloads\eclipse-jee-2024-12-R-win32-x86_64\eclipse\plugins\org.eclipse.m2e.maven.runtime_3.9.900.20240824-1409\jars\maven-resolver-api-1.9.22.jar
2025-03-29 17:46:06,734 [Worker-28: Launching Executing install in C__Projects_browserstackAssignment_WebScraperProject] INFO  o.eclipse.m2e.core.internal.Bundles - 	Entry: C:\Users\info\Downloads\eclipse-jee-2024-12-R-win32-x86_64\eclipse\plugins\org.eclipse.m2e.maven.runtime_3.9.900.20240824-1409\jars\maven-resolver-connector-basic-1.9.22.jar
2025-03-29 17:46:06,734 [Worker-28: Launching Executing install in C__Projects_browserstackAssignment_WebScraperProject] INFO  o.eclipse.m2e.core.internal.Bundles - 	Entry: C:\Users\info\Downloads\eclipse-jee-2024-12-R-win32-x86_64\eclipse\plugins\org.eclipse.m2e.maven.runtime_3.9.900.20240824-1409\jars\maven-resolver-impl-1.9.22.jar
2025-03-29 17:46:06,734 [Worker-28: Launching Executing install in C__Projects_browserstackAssignment_WebScraperProject] INFO  o.eclipse.m2e.core.internal.Bundles - 	Entry: C:\Users\info\Downloads\eclipse-jee-2024-12-R-win32-x86_64\eclipse\plugins\org.eclipse.m2e.maven.runtime_3.9.900.20240824-1409\jars\maven-resolver-named-locks-1.9.22.jar
2025-03-29 17:46:06,735 [Worker-28: Launching Executing install in C__Projects_browserstackAssignment_WebScraperProject] INFO  o.eclipse.m2e.core.internal.Bundles - 	Entry: C:\Users\info\Downloads\eclipse-jee-2024-12-R-win32-x86_64\eclipse\plugins\org.eclipse.m2e.maven.runtime_3.9.900.20240824-1409\jars\maven-resolver-provider-3.9.9.jar
2025-03-29 17:46:06,735 [Worker-28: Launching Executing install in C__Projects_browserstackAssignment_WebScraperProject] INFO  o.eclipse.m2e.core.internal.Bundles - 	Entry: C:\Users\info\Downloads\eclipse-jee-2024-12-R-win32-x86_64\eclipse\plugins\org.eclipse.m2e.maven.runtime_3.9.900.20240824-1409\jars\maven-resolver-spi-1.9.22.jar
2025-03-29 17:46:06,735 [Worker-28: Launching Executing install in C__Projects_browserstackAssignment_WebScraperProject] INFO  o.eclipse.m2e.core.internal.Bundles - 	Entry: C:\Users\info\Downloads\eclipse-jee-2024-12-R-win32-x86_64\eclipse\plugins\org.eclipse.m2e.maven.runtime_3.9.900.20240824-1409\jars\maven-resolver-transport-file-1.9.22.jar
2025-03-29 17:46:06,736 [Worker-28: Launching Executing install in C__Projects_browserstackAssignment_WebScraperProject] INFO  o.eclipse.m2e.core.internal.Bundles - 	Entry: C:\Users\info\Downloads\eclipse-jee-2024-12-R-win32-x86_64\eclipse\plugins\org.eclipse.m2e.maven.runtime_3.9.900.20240824-1409\jars\maven-resolver-transport-http-1.9.22.jar
2025-03-29 17:46:06,736 [Worker-28: Launching Executing install in C__Projects_browserstackAssignment_WebScraperProject] INFO  o.eclipse.m2e.core.internal.Bundles - 	Entry: C:\Users\info\Downloads\eclipse-jee-2024-12-R-win32-x86_64\eclipse\plugins\org.eclipse.m2e.maven.runtime_3.9.900.20240824-1409\jars\maven-resolver-transport-wagon-1.9.22.jar
2025-03-29 17:46:06,736 [Worker-28: Launching Executing install in C__Projects_browserstackAssignment_WebScraperProject] INFO  o.eclipse.m2e.core.internal.Bundles - 	Entry: C:\Users\info\Downloads\eclipse-jee-2024-12-R-win32-x86_64\eclipse\plugins\org.eclipse.m2e.maven.runtime_3.9.900.20240824-1409\jars\maven-resolver-util-1.9.22.jar
2025-03-29 17:46:06,737 [Worker-28: Launching Executing install in C__Projects_browserstackAssignment_WebScraperProject] INFO  o.eclipse.m2e.core.internal.Bundles - 	Entry: C:\Users\info\Downloads\eclipse-jee-2024-12-R-win32-x86_64\eclipse\plugins\org.eclipse.m2e.maven.runtime_3.9.900.20240824-1409\jars\maven-settings-3.9.9.jar
2025-03-29 17:46:06,737 [Worker-28: Launching Executing install in C__Projects_browserstackAssignment_WebScraperProject] INFO  o.eclipse.m2e.core.internal.Bundles - 	Entry: C:\Users\info\Downloads\eclipse-jee-2024-12-R-win32-x86_64\eclipse\plugins\org.eclipse.m2e.maven.runtime_3.9.900.20240824-1409\jars\maven-settings-builder-3.9.9.jar
2025-03-29 17:46:06,738 [Worker-28: Launching Executing install in C__Projects_browserstackAssignment_WebScraperProject] INFO  o.eclipse.m2e.core.internal.Bundles - 	Entry: C:\Users\info\Downloads\eclipse-jee-2024-12-R-win32-x86_64\eclipse\plugins\org.eclipse.m2e.maven.runtime_3.9.900.20240824-1409\jars\maven-shared-utils-3.4.2.jar
2025-03-29 17:46:06,738 [Worker-28: Launching Executing install in C__Projects_browserstackAssignment_WebScraperProject] INFO  o.eclipse.m2e.core.internal.Bundles - 	Entry: C:\Users\info\Downloads\eclipse-jee-2024-12-R-win32-x86_64\eclipse\plugins\org.eclipse.m2e.maven.runtime_3.9.900.20240824-1409\jars\org.eclipse.sisu.inject-0.9.0.M3.jar
2025-03-29 17:46:06,738 [Worker-28: Launching Executing install in C__Projects_browserstackAssignment_WebScraperProject] INFO  o.eclipse.m2e.core.internal.Bundles - 	Entry: C:\Users\info\Downloads\eclipse-jee-2024-12-R-win32-x86_64\eclipse\plugins\org.eclipse.m2e.maven.runtime_3.9.900.20240824-1409\jars\org.eclipse.sisu.plexus-0.9.0.M3.jar
2025-03-29 17:46:06,739 [Worker-28: Launching Executing install in C__Projects_browserstackAssignment_WebScraperProject] INFO  o.eclipse.m2e.core.internal.Bundles - 	Entry: C:\Users\info\Downloads\eclipse-jee-2024-12-R-win32-x86_64\eclipse\plugins\org.eclipse.m2e.maven.runtime_3.9.900.20240824-1409\jars\plexus-build-api-0.0.7.jar
2025-03-29 17:46:06,739 [Worker-28: Launching Executing install in C__Projects_browserstackAssignment_WebScraperProject] INFO  o.eclipse.m2e.core.internal.Bundles - 	Entry: C:\Users\info\Downloads\eclipse-jee-2024-12-R-win32-x86_64\eclipse\plugins\org.eclipse.m2e.maven.runtime_3.9.900.20240824-1409\jars\plexus-build-api-1.2.0.jar
2025-03-29 17:46:06,739 [Worker-28: Launching Executing install in C__Projects_browserstackAssignment_WebScraperProject] INFO  o.eclipse.m2e.core.internal.Bundles - 	Entry: C:\Users\info\Downloads\eclipse-jee-2024-12-R-win32-x86_64\eclipse\plugins\org.eclipse.m2e.maven.runtime_3.9.900.20240824-1409\jars\plexus-cipher-2.0.jar
2025-03-29 17:46:06,739 [Worker-28: Launching Executing install in C__Projects_browserstackAssignment_WebScraperProject] INFO  o.eclipse.m2e.core.internal.Bundles - 	Entry: C:\Users\info\Downloads\eclipse-jee-2024-12-R-win32-x86_64\eclipse\plugins\org.eclipse.m2e.maven.runtime_3.9.900.20240824-1409\jars\plexus-classworlds-2.8.0.jar
2025-03-29 17:46:06,740 [Worker-28: Launching Executing install in C__Projects_browserstackAssignment_WebScraperProject] INFO  o.eclipse.m2e.core.internal.Bundles - 	Entry: C:\Users\info\Downloads\eclipse-jee-2024-12-R-win32-x86_64\eclipse\plugins\org.eclipse.m2e.maven.runtime_3.9.900.20240824-1409\jars\plexus-component-annotations-2.1.0.jar
2025-03-29 17:46:06,740 [Worker-28: Launching Executing install in C__Projects_browserstackAssignment_WebScraperProject] INFO  o.eclipse.m2e.core.internal.Bundles - 	Entry: C:\Users\info\Downloads\eclipse-jee-2024-12-R-win32-x86_64\eclipse\plugins\org.eclipse.m2e.maven.runtime_3.9.900.20240824-1409\jars\plexus-interpolation-1.27.jar
2025-03-29 17:46:06,740 [Worker-28: Launching Executing install in C__Projects_browserstackAssignment_WebScraperProject] INFO  o.eclipse.m2e.core.internal.Bundles - 	Entry: C:\Users\info\Downloads\eclipse-jee-2024-12-R-win32-x86_64\eclipse\plugins\org.eclipse.m2e.maven.runtime_3.9.900.20240824-1409\jars\plexus-sec-dispatcher-2.0.jar
2025-03-29 17:46:06,741 [Worker-28: Launching Executing install in C__Projects_browserstackAssignment_WebScraperProject] INFO  o.eclipse.m2e.core.internal.Bundles - 	Entry: C:\Users\info\Downloads\eclipse-jee-2024-12-R-win32-x86_64\eclipse\plugins\org.eclipse.m2e.maven.runtime_3.9.900.20240824-1409\jars\plexus-utils-3.5.1.jar
2025-03-29 17:46:06,741 [Worker-28: Launching Executing install in C__Projects_browserstackAssignment_WebScraperProject] INFO  o.eclipse.m2e.core.internal.Bundles - 	Entry: C:\Users\info\Downloads\eclipse-jee-2024-12-R-win32-x86_64\eclipse\plugins\org.eclipse.m2e.maven.runtime_3.9.900.20240824-1409\jars\plexus-xml-3.0.1.jar
2025-03-29 17:46:06,741 [Worker-28: Launching Executing install in C__Projects_browserstackAssignment_WebScraperProject] INFO  o.eclipse.m2e.core.internal.Bundles - 	Entry: C:\Users\info\Downloads\eclipse-jee-2024-12-R-win32-x86_64\eclipse\plugins\org.eclipse.m2e.maven.runtime_3.9.900.20240824-1409\jars\wagon-file-3.5.3.jar
2025-03-29 17:46:06,741 [Worker-28: Launching Executing install in C__Projects_browserstackAssignment_WebScraperProject] INFO  o.eclipse.m2e.core.internal.Bundles - 	Entry: C:\Users\info\Downloads\eclipse-jee-2024-12-R-win32-x86_64\eclipse\plugins\org.eclipse.m2e.maven.runtime_3.9.900.20240824-1409\jars\wagon-http-3.5.3.jar
2025-03-29 17:46:06,742 [Worker-28: Launching Executing install in C__Projects_browserstackAssignment_WebScraperProject] INFO  o.eclipse.m2e.core.internal.Bundles - 	Entry: C:\Users\info\Downloads\eclipse-jee-2024-12-R-win32-x86_64\eclipse\plugins\org.eclipse.m2e.maven.runtime_3.9.900.20240824-1409\jars\wagon-http-shared-3.5.3.jar
2025-03-29 17:46:06,742 [Worker-28: Launching Executing install in C__Projects_browserstackAssignment_WebScraperProject] INFO  o.eclipse.m2e.core.internal.Bundles - 	Entry: C:\Users\info\Downloads\eclipse-jee-2024-12-R-win32-x86_64\eclipse\plugins\org.eclipse.m2e.maven.runtime_3.9.900.20240824-1409\jars\wagon-provider-api-3.5.3.jar
2025-03-29 17:46:06,742 [Worker-28: Launching Executing install in C__Projects_browserstackAssignment_WebScraperProject] INFO  o.eclipse.m2e.core.internal.Bundles - getClasspathEntries(Bundle=com.google.guava_33.4.0.jre [18])
2025-03-29 17:46:06,743 [Worker-28: Launching Executing install in C__Projects_browserstackAssignment_WebScraperProject] INFO  o.eclipse.m2e.core.internal.Bundles - 	Entry: C:\Users\info\Downloads\eclipse-jee-2024-12-R-win32-x86_64\eclipse\plugins\com.google.guava_33.4.0.jre.jar
2025-03-29 17:46:06,743 [Worker-28: Launching Executing install in C__Projects_browserstackAssignment_WebScraperProject] INFO  o.eclipse.m2e.core.internal.Bundles - getClasspathEntries(Bundle=slf4j.api_2.0.17 [1016])
2025-03-29 17:46:06,744 [Worker-28: Launching Executing install in C__Projects_browserstackAssignment_WebScraperProject] INFO  o.eclipse.m2e.core.internal.Bundles - 	Entry: C:\Users\info\Downloads\eclipse-jee-2024-12-R-win32-x86_64\eclipse\plugins\slf4j.api_2.0.17.jar
2025-03-29 17:46:06,744 [Worker-28: Launching Executing install in C__Projects_browserstackAssignment_WebScraperProject] INFO  o.eclipse.m2e.core.internal.Bundles - getClasspathEntries(Bundle=jakarta.inject.jakarta.inject-api_1.0.5 [39])
2025-03-29 17:46:06,745 [Worker-28: Launching Executing install in C__Projects_browserstackAssignment_WebScraperProject] INFO  o.eclipse.m2e.core.internal.Bundles - 	Entry: C:\Users\info\Downloads\eclipse-jee-2024-12-R-win32-x86_64\eclipse\plugins\jakarta.inject.jakarta.inject-api_1.0.5.jar
2025-03-29 17:46:06,745 [Worker-28: Launching Executing install in C__Projects_browserstackAssignment_WebScraperProject] INFO  o.eclipse.m2e.core.internal.Bundles - getClasspathEntries(Bundle=jakarta.annotation-api_1.3.5 [34])
2025-03-29 17:46:06,745 [Worker-28: Launching Executing install in C__Projects_browserstackAssignment_WebScraperProject] INFO  o.eclipse.m2e.core.internal.Bundles - 	Entry: C:\Users\info\Downloads\eclipse-jee-2024-12-R-win32-x86_64\eclipse\plugins\jakarta.annotation-api_1.3.5.jar
2025-03-29 17:46:06,745 [Worker-28: Launching Executing install in C__Projects_browserstackAssignment_WebScraperProject] INFO  o.eclipse.m2e.core.internal.Bundles - getClasspathEntries(Bundle=org.apache.commons.cli_1.9.0 [80])
2025-03-29 17:46:06,746 [Worker-28: Launching Executing install in C__Projects_browserstackAssignment_WebScraperProject] INFO  o.eclipse.m2e.core.internal.Bundles - 	Entry: C:\Users\info\Downloads\eclipse-jee-2024-12-R-win32-x86_64\eclipse\plugins\org.apache.commons.cli_1.9.0.jar
2025-03-29 17:46:06,746 [Worker-28: Launching Executing install in C__Projects_browserstackAssignment_WebScraperProject] INFO  o.eclipse.m2e.core.internal.Bundles - getClasspathEntries(Bundle=org.apache.commons.commons-codec_1.16.0 [83])
2025-03-29 17:46:06,747 [Worker-28: Launching Executing install in C__Projects_browserstackAssignment_WebScraperProject] INFO  o.eclipse.m2e.core.internal.Bundles - 	Entry: C:\Users\info\Downloads\eclipse-jee-2024-12-R-win32-x86_64\eclipse\plugins\org.apache.commons.commons-codec_1.16.0.jar
2025-03-29 17:46:06,747 [Worker-28: Launching Executing install in C__Projects_browserstackAssignment_WebScraperProject] INFO  o.eclipse.m2e.core.internal.Bundles - getClasspathEntries(Bundle=com.google.guava.failureaccess_1.0.2 [19])
2025-03-29 17:46:06,748 [Worker-28: Launching Executing install in C__Projects_browserstackAssignment_WebScraperProject] INFO  o.eclipse.m2e.core.internal.Bundles - 	Entry: C:\Users\info\Downloads\eclipse-jee-2024-12-R-win32-x86_64\eclipse\plugins\com.google.guava.failureaccess_1.0.2.jar
2025-03-29 17:46:06,750 [Worker-28: Launching Executing install in C__Projects_browserstackAssignment_WebScraperProject] INFO  o.e.m.i.launch.MavenLaunchDelegate - Run build in "C:\Projects\browserstackAssignment\WebScraperProject":
2025-03-29 17:46:06,750 [Worker-28: Launching Executing install in C__Projects_browserstackAssignment_WebScraperProject] INFO  o.e.m.i.launch.MavenLaunchDelegate -  mvn  -B -Dstyle.color=always install
2025-03-29 17:46:22,606 [Worker-38: Launching WebScraper] WARN  o.a.m.s.f.DefaultMavenResourcesFiltering - Using platform encoding (UTF-8 actually) to copy filtered resources, i.e. build is platform dependent!
2025-03-29 17:46:22,608 [Worker-38: Launching WebScraper] INFO  o.a.m.s.f.DefaultMavenResourcesFiltering - Copying 0 resource from src\main\resources to target\classes
2025-03-29 17:46:22,614 [Worker-38: Launching WebScraper] WARN  o.a.m.s.f.DefaultMavenResourcesFiltering - Using platform encoding (UTF-8 actually) to copy filtered resources, i.e. build is platform dependent!
2025-03-29 17:46:22,617 [Worker-38: Launching WebScraper] INFO  o.a.m.s.f.DefaultMavenResourcesFiltering - Copying 0 resource from src\test\resources to target\test-classes
2025-03-29 17:51:10,049 [Worker-33: Updating Maven Project] INFO  o.e.m.c.i.p.ProjectConfigurationManager - Update started
2025-03-29 17:51:12,522 [Worker-33: Updating Maven Project] INFO  o.e.m.c.i.l.LifecycleMappingFactory - Using org.eclipse.m2e.jdt.JarLifecycleMapping lifecycle mapping for MavenProject: com.scraper:WebScraperProject:1.0-SNAPSHOT @ C:\Projects\browserstackAssignment\WebScraperProject\pom.xml.
2025-03-29 17:51:13,972 [Worker-33: Updating Maven Project] INFO  o.e.m.c.i.e.AbstractTransferListenerAdapter - Downloading https://repo.maven.apache.org/maven2/org/slf4j/slf4j-simple/2.0.9/slf4j-simple-2.0.9.pom
2025-03-29 17:51:13,991 [Worker-33: Updating Maven Project] INFO  o.e.m.c.i.e.AbstractTransferListenerAdapter - Downloaded https://repo.maven.apache.org/maven2/org/slf4j/slf4j-simple/2.0.9/slf4j-simple-2.0.9.pom
2025-03-29 17:51:14,013 [Worker-33: Updating Maven Project] INFO  o.e.m.c.i.e.AbstractTransferListenerAdapter - Downloading https://repo.maven.apache.org/maven2/org/slf4j/slf4j-parent/2.0.9/slf4j-parent-2.0.9.pom
2025-03-29 17:51:14,020 [Worker-33: Updating Maven Project] INFO  o.e.m.c.i.e.AbstractTransferListenerAdapter - Downloaded https://repo.maven.apache.org/maven2/org/slf4j/slf4j-parent/2.0.9/slf4j-parent-2.0.9.pom
2025-03-29 17:51:14,038 [Worker-33: Updating Maven Project] INFO  o.e.m.c.i.e.AbstractTransferListenerAdapter - Downloading https://repo.maven.apache.org/maven2/org/slf4j/slf4j-bom/2.0.9/slf4j-bom-2.0.9.pom
2025-03-29 17:51:14,047 [Worker-33: Updating Maven Project] INFO  o.e.m.c.i.e.AbstractTransferListenerAdapter - Downloaded https://repo.maven.apache.org/maven2/org/slf4j/slf4j-bom/2.0.9/slf4j-bom-2.0.9.pom
2025-03-29 17:51:14,064 [Worker-33: Updating Maven Project] INFO  o.e.m.c.i.e.AbstractTransferListenerAdapter - Downloading https://repo.maven.apache.org/maven2/org/slf4j/slf4j-api/2.0.9/slf4j-api-2.0.9.pom
2025-03-29 17:51:14,070 [Worker-33: Updating Maven Project] INFO  o.e.m.c.i.e.AbstractTransferListenerAdapter - Downloaded https://repo.maven.apache.org/maven2/org/slf4j/slf4j-api/2.0.9/slf4j-api-2.0.9.pom
2025-03-29 17:51:14,270 [Worker-33: Updating Maven Project] INFO  o.e.m.c.i.e.AbstractTransferListenerAdapter - Downloading https://repo.maven.apache.org/maven2/org/slf4j/slf4j-simple/2.0.9/slf4j-simple-2.0.9.jar
2025-03-29 17:51:14,294 [Worker-33: Updating Maven Project] INFO  o.e.m.c.i.e.AbstractTransferListenerAdapter - Downloaded https://repo.maven.apache.org/maven2/org/slf4j/slf4j-simple/2.0.9/slf4j-simple-2.0.9.jar
2025-03-29 17:51:15,414 [Worker-33: Updating Maven Project] INFO  o.e.m.j.i.AbstractJavaProjectConfigurator - Adding source folder /WebScraperProject/src/main/java
2025-03-29 17:51:15,415 [Worker-33: Updating Maven Project] INFO  o.e.m.j.i.AbstractJavaProjectConfigurator - Adding resource folder /WebScraperProject/src/main/resources
2025-03-29 17:51:15,416 [Worker-33: Updating Maven Project] INFO  o.e.m.j.i.AbstractJavaProjectConfigurator - Adding source folder /WebScraperProject/src/test/java
2025-03-29 17:51:15,417 [Worker-33: Updating Maven Project] INFO  o.e.m.j.i.AbstractJavaProjectConfigurator - Adding resource folder /WebScraperProject/src/test/resources
2025-03-29 17:51:15,710 [Worker-42: Download sources and javadoc] INFO  o.e.m.c.i.e.AbstractTransferListenerAdapter - Downloading https://repo.maven.apache.org/maven2/org/slf4j/slf4j-simple/2.0.9/slf4j-simple-2.0.9-sources.jar
2025-03-29 17:51:15,720 [Worker-42: Download sources and javadoc] INFO  o.e.m.c.i.e.AbstractTransferListenerAdapter - Downloaded https://repo.maven.apache.org/maven2/org/slf4j/slf4j-simple/2.0.9/slf4j-simple-2.0.9-sources.jar
2025-03-29 17:51:15,729 [Worker-42: Download sources and javadoc] INFO  o.e.m.j.internal.DownloadSourcesJob - Downloaded sources for org.slf4j:slf4j-simple:2.0.9
2025-03-29 17:51:15,760 [Worker-33: Updating Maven Project] INFO  o.e.m.c.i.p.ProjectConfigurationManager - Update completed for 1 poms: local refresh takes 0.00 sec, refresh facades takes 4.00 sec, update config takes 0.00 sec 
2025-03-29 17:51:22,299 [Worker-38: Launching WebScraper] WARN  o.a.m.s.f.DefaultMavenResourcesFiltering - Using platform encoding (UTF-8 actually) to copy filtered resources, i.e. build is platform dependent!
2025-03-29 17:51:22,314 [Worker-38: Launching WebScraper] INFO  o.a.m.s.f.DefaultMavenResourcesFiltering - Copying 0 resource from src\main\resources to target\classes
2025-03-29 17:51:22,320 [Worker-38: Launching WebScraper] WARN  o.a.m.s.f.DefaultMavenResourcesFiltering - Using platform encoding (UTF-8 actually) to copy filtered resources, i.e. build is platform dependent!
2025-03-29 17:51:22,322 [Worker-38: Launching WebScraper] INFO  o.a.m.s.f.DefaultMavenResourcesFiltering - Copying 0 resource from src\test\resources to target\test-classes
2025-03-29 18:05:02,692 [Worker-44: Launching WebScraper] WARN  o.a.m.s.f.DefaultMavenResourcesFiltering - Using platform encoding (UTF-8 actually) to copy filtered resources, i.e. build is platform dependent!
2025-03-29 18:05:02,712 [Worker-44: Launching WebScraper] INFO  o.a.m.s.f.DefaultMavenResourcesFiltering - Copying 0 resource from src\main\resources to target\classes
2025-03-29 18:05:02,715 [Worker-44: Launching WebScraper] WARN  o.a.m.s.f.DefaultMavenResourcesFiltering - Using platform encoding (UTF-8 actually) to copy filtered resources, i.e. build is platform dependent!
2025-03-29 18:05:02,717 [Worker-44: Launching WebScraper] INFO  o.a.m.s.f.DefaultMavenResourcesFiltering - Copying 0 resource from src\test\resources to target\test-classes
2025-03-29 18:48:43,354 [Worker-50: Updating Maven Project] INFO  o.e.m.c.i.p.ProjectConfigurationManager - Update started
2025-03-29 18:48:45,054 [Worker-50: Updating Maven Project] INFO  o.e.m.c.i.l.LifecycleMappingFactory - Using org.eclipse.m2e.jdt.JarLifecycleMapping lifecycle mapping for MavenProject: com.scraper:WebScraperProject:1.0-SNAPSHOT @ C:\Projects\browserstackAssignment\WebScraperProject\pom.xml.
2025-03-29 18:48:47,267 [Worker-50: Updating Maven Project] INFO  o.e.m.j.i.AbstractJavaProjectConfigurator - Adding source folder /WebScraperProject/src/main/java
2025-03-29 18:48:47,269 [Worker-50: Updating Maven Project] INFO  o.e.m.j.i.AbstractJavaProjectConfigurator - Adding resource folder /WebScraperProject/src/main/resources
2025-03-29 18:48:47,270 [Worker-50: Updating Maven Project] INFO  o.e.m.j.i.AbstractJavaProjectConfigurator - Adding source folder /WebScraperProject/src/test/java
2025-03-29 18:48:47,271 [Worker-50: Updating Maven Project] INFO  o.e.m.j.i.AbstractJavaProjectConfigurator - Adding resource folder /WebScraperProject/src/test/resources
2025-03-29 18:48:47,650 [Worker-50: Updating Maven Project] INFO  o.e.m.c.i.p.ProjectConfigurationManager - Update completed for 1 poms: local refresh takes 0.00 sec, refresh facades takes 3.00 sec, update config takes 0.00 sec 
2025-03-29 18:49:06,968 [Worker-51: Launching WebScraper] WARN  o.a.m.s.f.DefaultMavenResourcesFiltering - Using platform encoding (UTF-8 actually) to copy filtered resources, i.e. build is platform dependent!
2025-03-29 18:49:06,989 [Worker-51: Launching WebScraper] INFO  o.a.m.s.f.DefaultMavenResourcesFiltering - Copying 0 resource from src\main\resources to target\classes
2025-03-29 18:49:06,995 [Worker-51: Launching WebScraper] WARN  o.a.m.s.f.DefaultMavenResourcesFiltering - Using platform encoding (UTF-8 actually) to copy filtered resources, i.e. build is platform dependent!
2025-03-29 18:49:06,996 [Worker-51: Launching WebScraper] INFO  o.a.m.s.f.DefaultMavenResourcesFiltering - Copying 0 resource from src\test\resources to target\test-classes
2025-03-29 19:36:00,432 [Worker-51: Launching WebScraper] WARN  o.a.m.s.f.DefaultMavenResourcesFiltering - Using platform encoding (UTF-8 actually) to copy filtered resources, i.e. build is platform dependent!
2025-03-29 19:36:00,468 [Worker-51: Launching WebScraper] INFO  o.a.m.s.f.DefaultMavenResourcesFiltering - Copying 0 resource from src\main\resources to target\classes
2025-03-29 19:36:00,473 [Worker-51: Launching WebScraper] WARN  o.a.m.s.f.DefaultMavenResourcesFiltering - Using platform encoding (UTF-8 actually) to copy filtered resources, i.e. build is platform dependent!
2025-03-29 19:36:00,475 [Worker-51: Launching WebScraper] INFO  o.a.m.s.f.DefaultMavenResourcesFiltering - Copying 0 resource from src\test\resources to target\test-classes
2025-03-29 19:41:27,848 [Worker-64: Launching WebScraper] WARN  o.a.m.s.f.DefaultMavenResourcesFiltering - Using platform encoding (UTF-8 actually) to copy filtered resources, i.e. build is platform dependent!
2025-03-29 19:41:27,886 [Worker-64: Launching WebScraper] INFO  o.a.m.s.f.DefaultMavenResourcesFiltering - Copying 0 resource from src\main\resources to target\classes
2025-03-29 19:41:27,889 [Worker-64: Launching WebScraper] WARN  o.a.m.s.f.DefaultMavenResourcesFiltering - Using platform encoding (UTF-8 actually) to copy filtered resources, i.e. build is platform dependent!
2025-03-29 19:41:27,891 [Worker-64: Launching WebScraper] INFO  o.a.m.s.f.DefaultMavenResourcesFiltering - Copying 0 resource from src\test\resources to target\test-classes
2025-03-29 19:55:11,409 [Worker-65: Launching WebScraper] WARN  o.a.m.s.f.DefaultMavenResourcesFiltering - Using platform encoding (UTF-8 actually) to copy filtered resources, i.e. build is platform dependent!
2025-03-29 19:55:11,426 [Worker-65: Launching WebScraper] INFO  o.a.m.s.f.DefaultMavenResourcesFiltering - Copying 0 resource from src\main\resources to target\classes
2025-03-29 19:55:11,429 [Worker-65: Launching WebScraper] WARN  o.a.m.s.f.DefaultMavenResourcesFiltering - Using platform encoding (UTF-8 actually) to copy filtered resources, i.e. build is platform dependent!
2025-03-29 19:55:11,432 [Worker-65: Launching WebScraper] INFO  o.a.m.s.f.DefaultMavenResourcesFiltering - Copying 0 resource from src\test\resources to target\test-classes
2025-03-29 20:18:41,536 [Worker-72: Launching WebScraper] WARN  o.a.m.s.f.DefaultMavenResourcesFiltering - Using platform encoding (UTF-8 actually) to copy filtered resources, i.e. build is platform dependent!
2025-03-29 20:18:41,548 [Worker-72: Launching WebScraper] INFO  o.a.m.s.f.DefaultMavenResourcesFiltering - Copying 0 resource from src\main\resources to target\classes
2025-03-29 20:18:41,551 [Worker-72: Launching WebScraper] WARN  o.a.m.s.f.DefaultMavenResourcesFiltering - Using platform encoding (UTF-8 actually) to copy filtered resources, i.e. build is platform dependent!
2025-03-29 20:18:41,573 [Worker-72: Launching WebScraper] INFO  o.a.m.s.f.DefaultMavenResourcesFiltering - Copying 0 resource from src\test\resources to target\test-classes
2025-03-29 20:23:05,894 [Worker-79: Launching WebScraper] WARN  o.a.m.s.f.DefaultMavenResourcesFiltering - Using platform encoding (UTF-8 actually) to copy filtered resources, i.e. build is platform dependent!
2025-03-29 20:23:05,923 [Worker-79: Launching WebScraper] INFO  o.a.m.s.f.DefaultMavenResourcesFiltering - Copying 0 resource from src\main\resources to target\classes
2025-03-29 20:23:05,926 [Worker-79: Launching WebScraper] WARN  o.a.m.s.f.DefaultMavenResourcesFiltering - Using platform encoding (UTF-8 actually) to copy filtered resources, i.e. build is platform dependent!
2025-03-29 20:23:05,929 [Worker-79: Launching WebScraper] INFO  o.a.m.s.f.DefaultMavenResourcesFiltering - Copying 0 resource from src\test\resources to target\test-classes
2025-03-29 20:32:31,332 [Worker-71: Launching WebScraper] WARN  o.a.m.s.f.DefaultMavenResourcesFiltering - Using platform encoding (UTF-8 actually) to copy filtered resources, i.e. build is platform dependent!
2025-03-29 20:32:31,363 [Worker-71: Launching WebScraper] INFO  o.a.m.s.f.DefaultMavenResourcesFiltering - Copying 0 resource from src\main\resources to target\classes
2025-03-29 20:32:31,366 [Worker-71: Launching WebScraper] WARN  o.a.m.s.f.DefaultMavenResourcesFiltering - Using platform encoding (UTF-8 actually) to copy filtered resources, i.e. build is platform dependent!
2025-03-29 20:32:31,368 [Worker-71: Launching WebScraper] INFO  o.a.m.s.f.DefaultMavenResourcesFiltering - Copying 0 resource from src\test\resources to target\test-classes
2025-03-29 20:34:06,583 [Worker-81: Launching WebScraper] WARN  o.a.m.s.f.DefaultMavenResourcesFiltering - Using platform encoding (UTF-8 actually) to copy filtered resources, i.e. build is platform dependent!
2025-03-29 20:34:06,600 [Worker-81: Launching WebScraper] INFO  o.a.m.s.f.DefaultMavenResourcesFiltering - Copying 0 resource from src\main\resources to target\classes
2025-03-29 20:34:06,605 [Worker-81: Launching WebScraper] WARN  o.a.m.s.f.DefaultMavenResourcesFiltering - Using platform encoding (UTF-8 actually) to copy filtered resources, i.e. build is platform dependent!
2025-03-29 20:34:06,607 [Worker-81: Launching WebScraper] INFO  o.a.m.s.f.DefaultMavenResourcesFiltering - Copying 0 resource from src\test\resources to target\test-classes
2025-03-29 21:20:22,378 [Worker-85: Launching WebScraper] WARN  o.a.m.s.f.DefaultMavenResourcesFiltering - Using platform encoding (UTF-8 actually) to copy filtered resources, i.e. build is platform dependent!
2025-03-29 21:20:22,381 [Worker-85: Launching WebScraper] INFO  o.a.m.s.f.DefaultMavenResourcesFiltering - Copying 0 resource from src\main\resources to target\classes
2025-03-29 21:20:22,385 [Worker-85: Launching WebScraper] WARN  o.a.m.s.f.DefaultMavenResourcesFiltering - Using platform encoding (UTF-8 actually) to copy filtered resources, i.e. build is platform dependent!
2025-03-29 21:20:22,409 [Worker-85: Launching WebScraper] INFO  o.a.m.s.f.DefaultMavenResourcesFiltering - Copying 0 resource from src\test\resources to target\test-classes
2025-03-29 22:06:11,037 [Worker-99: Launching WebScraper] WARN  o.a.m.s.f.DefaultMavenResourcesFiltering - Using platform encoding (UTF-8 actually) to copy filtered resources, i.e. build is platform dependent!
2025-03-29 22:06:11,120 [Worker-99: Launching WebScraper] INFO  o.a.m.s.f.DefaultMavenResourcesFiltering - Copying 0 resource from src\main\resources to target\classes
2025-03-29 22:06:11,124 [Worker-99: Launching WebScraper] WARN  o.a.m.s.f.DefaultMavenResourcesFiltering - Using platform encoding (UTF-8 actually) to copy filtered resources, i.e. build is platform dependent!
2025-03-29 22:06:11,126 [Worker-99: Launching WebScraper] INFO  o.a.m.s.f.DefaultMavenResourcesFiltering - Copying 0 resource from src\test\resources to target\test-classes
2025-03-29 22:12:40,621 [Worker-103: Launching WebScraper] WARN  o.a.m.s.f.DefaultMavenResourcesFiltering - Using platform encoding (UTF-8 actually) to copy filtered resources, i.e. build is platform dependent!
2025-03-29 22:12:40,640 [Worker-103: Launching WebScraper] INFO  o.a.m.s.f.DefaultMavenResourcesFiltering - Copying 0 resource from src\main\resources to target\classes
2025-03-29 22:12:40,682 [Worker-103: Launching WebScraper] WARN  o.a.m.s.f.DefaultMavenResourcesFiltering - Using platform encoding (UTF-8 actually) to copy filtered resources, i.e. build is platform dependent!
2025-03-29 22:12:40,709 [Worker-103: Launching WebScraper] INFO  o.a.m.s.f.DefaultMavenResourcesFiltering - Copying 0 resource from src\test\resources to target\test-classes
2025-03-29 22:24:16,115 [Worker-107: Launching WebScraper] WARN  o.a.m.s.f.DefaultMavenResourcesFiltering - Using platform encoding (UTF-8 actually) to copy filtered resources, i.e. build is platform dependent!
2025-03-29 22:24:16,145 [Worker-107: Launching WebScraper] INFO  o.a.m.s.f.DefaultMavenResourcesFiltering - Copying 0 resource from src\main\resources to target\classes
2025-03-29 22:24:16,148 [Worker-107: Launching WebScraper] WARN  o.a.m.s.f.DefaultMavenResourcesFiltering - Using platform encoding (UTF-8 actually) to copy filtered resources, i.e. build is platform dependent!
2025-03-29 22:24:16,150 [Worker-107: Launching WebScraper] INFO  o.a.m.s.f.DefaultMavenResourcesFiltering - Copying 0 resource from src\test\resources to target\test-classes
2025-03-29 22:28:30,027 [Worker-108: Launching WebScraper] WARN  o.a.m.s.f.DefaultMavenResourcesFiltering - Using platform encoding (UTF-8 actually) to copy filtered resources, i.e. build is platform dependent!
2025-03-29 22:28:30,031 [Worker-108: Launching WebScraper] INFO  o.a.m.s.f.DefaultMavenResourcesFiltering - Copying 0 resource from src\main\resources to target\classes
2025-03-29 22:28:30,034 [Worker-108: Launching WebScraper] WARN  o.a.m.s.f.DefaultMavenResourcesFiltering - Using platform encoding (UTF-8 actually) to copy filtered resources, i.e. build is platform dependent!
2025-03-29 22:28:30,062 [Worker-108: Launching WebScraper] INFO  o.a.m.s.f.DefaultMavenResourcesFiltering - Copying 0 resource from src\test\resources to target\test-classes
2025-03-29 22:48:35,589 [Worker-111: Launching WebScraper] WARN  o.a.m.s.f.DefaultMavenResourcesFiltering - Using platform encoding (UTF-8 actually) to copy filtered resources, i.e. build is platform dependent!
2025-03-29 22:48:35,609 [Worker-111: Launching WebScraper] INFO  o.a.m.s.f.DefaultMavenResourcesFiltering - Copying 0 resource from src\main\resources to target\classes
2025-03-29 22:48:35,613 [Worker-111: Launching WebScraper] WARN  o.a.m.s.f.DefaultMavenResourcesFiltering - Using platform encoding (UTF-8 actually) to copy filtered resources, i.e. build is platform dependent!
2025-03-29 22:48:35,615 [Worker-111: Launching WebScraper] INFO  o.a.m.s.f.DefaultMavenResourcesFiltering - Copying 0 resource from src\test\resources to target\test-classes
2025-03-29 23:36:04,632 [Worker-124: Launching WebScraper] WARN  o.a.m.s.f.DefaultMavenResourcesFiltering - Using platform encoding (UTF-8 actually) to copy filtered resources, i.e. build is platform dependent!
2025-03-29 23:36:04,656 [Worker-124: Launching WebScraper] INFO  o.a.m.s.f.DefaultMavenResourcesFiltering - Copying 0 resource from src\main\resources to target\classes
2025-03-29 23:36:04,660 [Worker-124: Launching WebScraper] WARN  o.a.m.s.f.DefaultMavenResourcesFiltering - Using platform encoding (UTF-8 actually) to copy filtered resources, i.e. build is platform dependent!
2025-03-29 23:36:04,664 [Worker-124: Launching WebScraper] INFO  o.a.m.s.f.DefaultMavenResourcesFiltering - Copying 0 resource from src\test\resources to target\test-classes
2025-03-29 23:45:20,468 [Worker-122: Launching WebScraper] WARN  o.a.m.s.f.DefaultMavenResourcesFiltering - Using platform encoding (UTF-8 actually) to copy filtered resources, i.e. build is platform dependent!
2025-03-29 23:45:20,470 [Worker-122: Launching WebScraper] INFO  o.a.m.s.f.DefaultMavenResourcesFiltering - Copying 0 resource from src\main\resources to target\classes
2025-03-29 23:45:20,472 [Worker-122: Launching WebScraper] WARN  o.a.m.s.f.DefaultMavenResourcesFiltering - Using platform encoding (UTF-8 actually) to copy filtered resources, i.e. build is platform dependent!
2025-03-29 23:45:20,474 [Worker-122: Launching WebScraper] INFO  o.a.m.s.f.DefaultMavenResourcesFiltering - Copying 0 resource from src\test\resources to target\test-classes
2025-03-30 00:01:20,528 [Worker-133: Launching WebScraper] WARN  o.a.m.s.f.DefaultMavenResourcesFiltering - Using platform encoding (UTF-8 actually) to copy filtered resources, i.e. build is platform dependent!
2025-03-30 00:01:20,560 [Worker-133: Launching WebScraper] INFO  o.a.m.s.f.DefaultMavenResourcesFiltering - Copying 0 resource from src\main\resources to target\classes
2025-03-30 00:01:20,563 [Worker-133: Launching WebScraper] WARN  o.a.m.s.f.DefaultMavenResourcesFiltering - Using platform encoding (UTF-8 actually) to copy filtered resources, i.e. build is platform dependent!
2025-03-30 00:01:20,566 [Worker-133: Launching WebScraper] INFO  o.a.m.s.f.DefaultMavenResourcesFiltering - Copying 0 resource from src\test\resources to target\test-classes
2025-03-30 00:20:30,437 [Worker-138: Launching WebScraper] WARN  o.a.m.s.f.DefaultMavenResourcesFiltering - Using platform encoding (UTF-8 actually) to copy filtered resources, i.e. build is platform dependent!
2025-03-30 00:20:30,456 [Worker-138: Launching WebScraper] INFO  o.a.m.s.f.DefaultMavenResourcesFiltering - Copying 0 resource from src\main\resources to target\classes
2025-03-30 00:20:30,459 [Worker-138: Launching WebScraper] WARN  o.a.m.s.f.DefaultMavenResourcesFiltering - Using platform encoding (UTF-8 actually) to copy filtered resources, i.e. build is platform dependent!
2025-03-30 00:20:30,463 [Worker-138: Launching WebScraper] INFO  o.a.m.s.f.DefaultMavenResourcesFiltering - Copying 0 resource from src\test\resources to target\test-classes
2025-03-30 00:50:59,062 [Worker-122: Launching WebScraper] WARN  o.a.m.s.f.DefaultMavenResourcesFiltering - Using platform encoding (UTF-8 actually) to copy filtered resources, i.e. build is platform dependent!
2025-03-30 00:50:59,065 [Worker-122: Launching WebScraper] INFO  o.a.m.s.f.DefaultMavenResourcesFiltering - Copying 0 resource from src\main\resources to target\classes
2025-03-30 00:50:59,067 [Worker-122: Launching WebScraper] WARN  o.a.m.s.f.DefaultMavenResourcesFiltering - Using platform encoding (UTF-8 actually) to copy filtered resources, i.e. build is platform dependent!
2025-03-30 00:50:59,069 [Worker-122: Launching WebScraper] INFO  o.a.m.s.f.DefaultMavenResourcesFiltering - Copying 0 resource from src\test\resources to target\test-classes
2025-03-30 01:03:48,217 [Worker-148: Launching WebScraper] WARN  o.a.m.s.f.DefaultMavenResourcesFiltering - Using platform encoding (UTF-8 actually) to copy filtered resources, i.e. build is platform dependent!
2025-03-30 01:03:48,219 [Worker-148: Launching WebScraper] INFO  o.a.m.s.f.DefaultMavenResourcesFiltering - Copying 0 resource from src\main\resources to target\classes
2025-03-30 01:03:48,222 [Worker-148: Launching WebScraper] WARN  o.a.m.s.f.DefaultMavenResourcesFiltering - Using platform encoding (UTF-8 actually) to copy filtered resources, i.e. build is platform dependent!
2025-03-30 01:03:48,223 [Worker-148: Launching WebScraper] INFO  o.a.m.s.f.DefaultMavenResourcesFiltering - Copying 0 resource from src\test\resources to target\test-classes
